{"numTotalTestSuites":6,"numPassedTestSuites":0,"numFailedTestSuites":6,"numPendingTestSuites":0,"numTotalTests":13,"numPassedTests":2,"numFailedTests":11,"numPendingTests":0,"numTodoTests":0,"snapshot":{"added":0,"failure":false,"filesAdded":0,"filesRemoved":0,"filesRemovedList":[],"filesUnmatched":0,"filesUpdated":0,"matched":0,"total":0,"unchecked":0,"uncheckedKeysByFile":[],"unmatched":0,"updated":0,"didUpdate":false},"startTime":1775684087899,"success":false,"testResults":[{"assertionResults":[{"ancestorTitles":["Home Page"],"fullName":"Home Page renders dashboard summary cards with formatted currency","status":"failed","title":"renders dashboard summary cards with formatted currency","duration":1037.7966000000001,"failureMessages":["Error: Unable to find an element with the text: /15,000/. This could be because the text is broken up by multiple elements. In this case, you can provide a function for your text matcher to make your matcher more flexible.\n\nIgnored nodes: comments, script, style\n\u001b[36m<body>\u001b[39m\n  \u001b[36m<div>\u001b[39m\n    \u001b[36m<div>\u001b[39m\n      \u001b[36m<div\u001b[39m\n        \u001b[33mclass\u001b[39m=\u001b[32m\"mb-6 w-full\"\u001b[39m\n      \u001b[36m>\u001b[39m\n        \u001b[36m<div\u001b[39m\n          \u001b[33mclass\u001b[39m=\u001b[32m\"flex w-full items-center rounded-lg bg-white px-4 py-3 border border-neutral-200 shadow-sm\"\u001b[39m\n        \u001b[36m>\u001b[39m\n          \u001b[36m<div\u001b[39m\n            \u001b[33mclass\u001b[39m=\u001b[32m\"flex-1 min-w-0 text-left\"\u001b[39m\n          \u001b[36m>\u001b[39m\n            \u001b[36m<h1\u001b[39m\n              \u001b[33mclass\u001b[39m=\u001b[32m\"text-xl font-semibold text-neutral-900 leading-tight truncate\"\u001b[39m\n            \u001b[36m>\u001b[39m\n              \u001b[0mDashboard\u001b[0m\n            \u001b[36m</h1>\u001b[39m\n          \u001b[36m</div>\u001b[39m\n        \u001b[36m</div>\u001b[39m\n      \u001b[36m</div>\u001b[39m\n      \u001b[36m<div\u001b[39m\n        \u001b[33mclass\u001b[39m=\u001b[32m\"flex items-center justify-center py-12\"\u001b[39m\n      \u001b[36m>\u001b[39m\n        \u001b[36m<div\u001b[39m\n          \u001b[33mclass\u001b[39m=\u001b[32m\"text-neutral-500\"\u001b[39m\n        \u001b[36m>\u001b[39m\n          \u001b[0mNo data available\u001b[0m\n        \u001b[36m</div>\u001b[39m\n      \u001b[36m</div>\u001b[39m\n    \u001b[36m</div>\u001b[39m\n  \u001b[36m</div>\u001b[39m\n\u001b[36m</body>\u001b[39m\n    at Proxy.waitForWrapper (D:\\New - Dev Space\\Electron\\legerly\\node_modules\\@testing-library\\dom\\dist\\wait-for.js:163:27)\n    at D:\\New - Dev Space\\Electron\\legerly\\src\\tests\\Home.test.tsx:56:11\n    at file:///D:/New%20-%20Dev%20Space/Electron/legerly/node_modules/@vitest/runner/dist/chunk-hooks.js:155:11\n    at file:///D:/New%20-%20Dev%20Space/Electron/legerly/node_modules/@vitest/runner/dist/chunk-hooks.js:752:26\n    at file:///D:/New%20-%20Dev%20Space/Electron/legerly/node_modules/@vitest/runner/dist/chunk-hooks.js:1897:20\n    at new Promise (<anonymous>)\n    at runWithTimeout (file:///D:/New%20-%20Dev%20Space/Electron/legerly/node_modules/@vitest/runner/dist/chunk-hooks.js:1863:10)\n    at runTest (file:///D:/New%20-%20Dev%20Space/Electron/legerly/node_modules/@vitest/runner/dist/chunk-hooks.js:1574:12)\n    at processTicksAndRejections (node:internal/process/task_queues:104:5)\n    at runSuite (file:///D:/New%20-%20Dev%20Space/Electron/legerly/node_modules/@vitest/runner/dist/chunk-hooks.js:1729:8)"],"meta":{}},{"ancestorTitles":["Home Page"],"fullName":"Home Page renders all quick action buttons with correct links","status":"failed","title":"renders all quick action buttons with correct links","duration":1007.0156999999999,"failureMessages":["Error: Unable to find an element with the text: New Purchase. This could be because the text is broken up by multiple elements. In this case, you can provide a function for your text matcher to make your matcher more flexible.\n\nIgnored nodes: comments, script, style\n\u001b[36m<body>\u001b[39m\n  \u001b[36m<div>\u001b[39m\n    \u001b[36m<div>\u001b[39m\n      \u001b[36m<div\u001b[39m\n        \u001b[33mclass\u001b[39m=\u001b[32m\"mb-6 w-full\"\u001b[39m\n      \u001b[36m>\u001b[39m\n        \u001b[36m<div\u001b[39m\n          \u001b[33mclass\u001b[39m=\u001b[32m\"flex w-full items-center rounded-lg bg-white px-4 py-3 border border-neutral-200 shadow-sm\"\u001b[39m\n        \u001b[36m>\u001b[39m\n          \u001b[36m<div\u001b[39m\n            \u001b[33mclass\u001b[39m=\u001b[32m\"flex-1 min-w-0 text-left\"\u001b[39m\n          \u001b[36m>\u001b[39m\n            \u001b[36m<h1\u001b[39m\n              \u001b[33mclass\u001b[39m=\u001b[32m\"text-xl font-semibold text-neutral-900 leading-tight truncate\"\u001b[39m\n            \u001b[36m>\u001b[39m\n              \u001b[0mDashboard\u001b[0m\n            \u001b[36m</h1>\u001b[39m\n          \u001b[36m</div>\u001b[39m\n        \u001b[36m</div>\u001b[39m\n      \u001b[36m</div>\u001b[39m\n      \u001b[36m<div\u001b[39m\n        \u001b[33mclass\u001b[39m=\u001b[32m\"flex items-center justify-center py-12\"\u001b[39m\n      \u001b[36m>\u001b[39m\n        \u001b[36m<div\u001b[39m\n          \u001b[33mclass\u001b[39m=\u001b[32m\"text-neutral-500\"\u001b[39m\n        \u001b[36m>\u001b[39m\n          \u001b[0mNo data available\u001b[0m\n        \u001b[36m</div>\u001b[39m\n      \u001b[36m</div>\u001b[39m\n    \u001b[36m</div>\u001b[39m\n  \u001b[36m</div>\u001b[39m\n\u001b[36m</body>\u001b[39m\n    at Proxy.waitForWrapper (D:\\New - Dev Space\\Electron\\legerly\\node_modules\\@testing-library\\dom\\dist\\wait-for.js:163:27)\n    at D:\\New - Dev Space\\Electron\\legerly\\src\\tests\\Home.test.tsx:71:11\n    at file:///D:/New%20-%20Dev%20Space/Electron/legerly/node_modules/@vitest/runner/dist/chunk-hooks.js:155:11\n    at file:///D:/New%20-%20Dev%20Space/Electron/legerly/node_modules/@vitest/runner/dist/chunk-hooks.js:752:26\n    at file:///D:/New%20-%20Dev%20Space/Electron/legerly/node_modules/@vitest/runner/dist/chunk-hooks.js:1897:20\n    at new Promise (<anonymous>)\n    at runWithTimeout (file:///D:/New%20-%20Dev%20Space/Electron/legerly/node_modules/@vitest/runner/dist/chunk-hooks.js:1863:10)\n    at runTest (file:///D:/New%20-%20Dev%20Space/Electron/legerly/node_modules/@vitest/runner/dist/chunk-hooks.js:1574:12)\n    at runSuite (file:///D:/New%20-%20Dev%20Space/Electron/legerly/node_modules/@vitest/runner/dist/chunk-hooks.js:1729:8)\n    at runSuite (file:///D:/New%20-%20Dev%20Space/Electron/legerly/node_modules/@vitest/runner/dist/chunk-hooks.js:1729:8)"],"meta":{}},{"ancestorTitles":["Home Page"],"fullName":"Home Page displays low stock items with correct status labels","status":"failed","title":"displays low stock items with correct status labels","duration":1016.1337999999996,"failureMessages":["Error: Unable to find an element with the text: Low Stock Alert. This could be because the text is broken up by multiple elements. In this case, you can provide a function for your text matcher to make your matcher more flexible.\n\nIgnored nodes: comments, script, style\n\u001b[36m<body>\u001b[39m\n  \u001b[36m<div>\u001b[39m\n    \u001b[36m<div>\u001b[39m\n      \u001b[36m<div\u001b[39m\n        \u001b[33mclass\u001b[39m=\u001b[32m\"mb-6 w-full\"\u001b[39m\n      \u001b[36m>\u001b[39m\n        \u001b[36m<div\u001b[39m\n          \u001b[33mclass\u001b[39m=\u001b[32m\"flex w-full items-center rounded-lg bg-white px-4 py-3 border border-neutral-200 shadow-sm\"\u001b[39m\n        \u001b[36m>\u001b[39m\n          \u001b[36m<div\u001b[39m\n            \u001b[33mclass\u001b[39m=\u001b[32m\"flex-1 min-w-0 text-left\"\u001b[39m\n          \u001b[36m>\u001b[39m\n            \u001b[36m<h1\u001b[39m\n              \u001b[33mclass\u001b[39m=\u001b[32m\"text-xl font-semibold text-neutral-900 leading-tight truncate\"\u001b[39m\n            \u001b[36m>\u001b[39m\n              \u001b[0mDashboard\u001b[0m\n            \u001b[36m</h1>\u001b[39m\n          \u001b[36m</div>\u001b[39m\n        \u001b[36m</div>\u001b[39m\n      \u001b[36m</div>\u001b[39m\n      \u001b[36m<div\u001b[39m\n        \u001b[33mclass\u001b[39m=\u001b[32m\"flex items-center justify-center py-12\"\u001b[39m\n      \u001b[36m>\u001b[39m\n        \u001b[36m<div\u001b[39m\n          \u001b[33mclass\u001b[39m=\u001b[32m\"text-neutral-500\"\u001b[39m\n        \u001b[36m>\u001b[39m\n          \u001b[0mNo data available\u001b[0m\n        \u001b[36m</div>\u001b[39m\n      \u001b[36m</div>\u001b[39m\n    \u001b[36m</div>\u001b[39m\n  \u001b[36m</div>\u001b[39m\n\u001b[36m</body>\u001b[39m\n    at Proxy.waitForWrapper (D:\\New - Dev Space\\Electron\\legerly\\node_modules\\@testing-library\\dom\\dist\\wait-for.js:163:27)\n    at D:\\New - Dev Space\\Electron\\legerly\\src\\tests\\Home.test.tsx:106:11\n    at file:///D:/New%20-%20Dev%20Space/Electron/legerly/node_modules/@vitest/runner/dist/chunk-hooks.js:155:11\n    at file:///D:/New%20-%20Dev%20Space/Electron/legerly/node_modules/@vitest/runner/dist/chunk-hooks.js:752:26\n    at file:///D:/New%20-%20Dev%20Space/Electron/legerly/node_modules/@vitest/runner/dist/chunk-hooks.js:1897:20\n    at new Promise (<anonymous>)\n    at runWithTimeout (file:///D:/New%20-%20Dev%20Space/Electron/legerly/node_modules/@vitest/runner/dist/chunk-hooks.js:1863:10)\n    at runTest (file:///D:/New%20-%20Dev%20Space/Electron/legerly/node_modules/@vitest/runner/dist/chunk-hooks.js:1574:12)\n    at runSuite (file:///D:/New%20-%20Dev%20Space/Electron/legerly/node_modules/@vitest/runner/dist/chunk-hooks.js:1729:8)\n    at runSuite (file:///D:/New%20-%20Dev%20Space/Electron/legerly/node_modules/@vitest/runner/dist/chunk-hooks.js:1729:8)"],"meta":{}},{"ancestorTitles":["Home Page"],"fullName":"Home Page handles empty low stock state gracefully","status":"failed","title":"handles empty low stock state gracefully","duration":1016.2412999999997,"failureMessages":["Error: Unable to find an element with the text: All items are well stocked. This could be because the text is broken up by multiple elements. In this case, you can provide a function for your text matcher to make your matcher more flexible.\n\nIgnored nodes: comments, script, style\n\u001b[36m<body>\u001b[39m\n  \u001b[36m<div>\u001b[39m\n    \u001b[36m<div>\u001b[39m\n      \u001b[36m<div\u001b[39m\n        \u001b[33mclass\u001b[39m=\u001b[32m\"mb-6 w-full\"\u001b[39m\n      \u001b[36m>\u001b[39m\n        \u001b[36m<div\u001b[39m\n          \u001b[33mclass\u001b[39m=\u001b[32m\"flex w-full items-center rounded-lg bg-white px-4 py-3 border border-neutral-200 shadow-sm\"\u001b[39m\n        \u001b[36m>\u001b[39m\n          \u001b[36m<div\u001b[39m\n            \u001b[33mclass\u001b[39m=\u001b[32m\"flex-1 min-w-0 text-left\"\u001b[39m\n          \u001b[36m>\u001b[39m\n            \u001b[36m<h1\u001b[39m\n              \u001b[33mclass\u001b[39m=\u001b[32m\"text-xl font-semibold text-neutral-900 leading-tight truncate\"\u001b[39m\n            \u001b[36m>\u001b[39m\n              \u001b[0mDashboard\u001b[0m\n            \u001b[36m</h1>\u001b[39m\n          \u001b[36m</div>\u001b[39m\n        \u001b[36m</div>\u001b[39m\n      \u001b[36m</div>\u001b[39m\n      \u001b[36m<div\u001b[39m\n        \u001b[33mclass\u001b[39m=\u001b[32m\"flex items-center justify-center py-12\"\u001b[39m\n      \u001b[36m>\u001b[39m\n        \u001b[36m<div\u001b[39m\n          \u001b[33mclass\u001b[39m=\u001b[32m\"text-neutral-500\"\u001b[39m\n        \u001b[36m>\u001b[39m\n          \u001b[0mNo data available\u001b[0m\n        \u001b[36m</div>\u001b[39m\n      \u001b[36m</div>\u001b[39m\n    \u001b[36m</div>\u001b[39m\n  \u001b[36m</div>\u001b[39m\n\u001b[36m</body>\u001b[39m\n    at Proxy.waitForWrapper (D:\\New - Dev Space\\Electron\\legerly\\node_modules\\@testing-library\\dom\\dist\\wait-for.js:163:27)\n    at D:\\New - Dev Space\\Electron\\legerly\\src\\tests\\Home.test.tsx:135:11\n    at file:///D:/New%20-%20Dev%20Space/Electron/legerly/node_modules/@vitest/runner/dist/chunk-hooks.js:155:11\n    at file:///D:/New%20-%20Dev%20Space/Electron/legerly/node_modules/@vitest/runner/dist/chunk-hooks.js:752:26\n    at file:///D:/New%20-%20Dev%20Space/Electron/legerly/node_modules/@vitest/runner/dist/chunk-hooks.js:1897:20\n    at new Promise (<anonymous>)\n    at runWithTimeout (file:///D:/New%20-%20Dev%20Space/Electron/legerly/node_modules/@vitest/runner/dist/chunk-hooks.js:1863:10)\n    at runTest (file:///D:/New%20-%20Dev%20Space/Electron/legerly/node_modules/@vitest/runner/dist/chunk-hooks.js:1574:12)\n    at runSuite (file:///D:/New%20-%20Dev%20Space/Electron/legerly/node_modules/@vitest/runner/dist/chunk-hooks.js:1729:8)\n    at runSuite (file:///D:/New%20-%20Dev%20Space/Electron/legerly/node_modules/@vitest/runner/dist/chunk-hooks.js:1729:8)"],"meta":{}}],"startTime":1775684091204,"endTime":1775684095281.2412,"status":"failed","message":"","name":"D:/New - Dev Space/Electron/legerly/src/tests/Home.test.tsx"},{"assertionResults":[{"ancestorTitles":["Ledger Page"],"fullName":"Ledger Page renders header and summary cards","status":"failed","title":"renders header and summary cards","duration":538.8019999999997,"failureMessages":["TestingLibraryElementError: Unable to find an accessible element with the role \"heading\" and name `/^Ledger$/i`\n\nHere are the accessible roles:\n\n  heading:\n\n  Name \"Ledgers\":\n  \u001b[36m<h1\u001b[39m\n    \u001b[33mclass\u001b[39m=\u001b[32m\"text-xl font-semibold text-neutral-900 leading-tight truncate\"\u001b[39m\n  \u001b[36m/>\u001b[39m\n\n  --------------------------------------------------\n  button:\n\n  Name \"New Ledger\":\n  \u001b[36m<button\u001b[39m\n    \u001b[33mclass\u001b[39m=\u001b[32m\"inline-flex items-center gap-2 h-9 px-3 rounded-md bg-neutral-900 text-white hover:bg-neutral-800\"\u001b[39m\n  \u001b[36m/>\u001b[39m\n\n  --------------------------------------------------\n  paragraph:\n\n  Name \"\":\n  \u001b[36m<p\u001b[39m\n    \u001b[33mclass\u001b[39m=\u001b[32m\"text-xs font-medium text-neutral-500\"\u001b[39m\n  \u001b[36m/>\u001b[39m\n\n  Name \"\":\n  \u001b[36m<p\u001b[39m\n    \u001b[33mclass\u001b[39m=\u001b[32m\"text-2xl font-bold tabular-nums text-neutral-900\"\u001b[39m\n  \u001b[36m/>\u001b[39m\n\n  Name \"\":\n  \u001b[36m<p\u001b[39m\n    \u001b[33mclass\u001b[39m=\u001b[32m\"text-xs font-medium text-neutral-500\"\u001b[39m\n  \u001b[36m/>\u001b[39m\n\n  Name \"\":\n  \u001b[36m<p\u001b[39m\n    \u001b[33mclass\u001b[39m=\u001b[32m\"text-2xl font-bold tabular-nums text-neutral-900\"\u001b[39m\n  \u001b[36m/>\u001b[39m\n\n  Name \"\":\n  \u001b[36m<p\u001b[39m\n    \u001b[33mclass\u001b[39m=\u001b[32m\"text-xs font-medium text-neutral-500\"\u001b[39m\n  \u001b[36m/>\u001b[39m\n\n  Name \"\":\n  \u001b[36m<p\u001b[39m\n    \u001b[33mclass\u001b[39m=\u001b[32m\"text-2xl font-bold tabular-nums text-green-600\"\u001b[39m\n  \u001b[36m/>\u001b[39m\n\n  --------------------------------------------------\n  checkbox:\n\n  Name \"Select all\":\n  \u001b[36m<input\u001b[39m\n    \u001b[33maria-label\u001b[39m=\u001b[32m\"Select all\"\u001b[39m\n    \u001b[33mclass\u001b[39m=\u001b[32m\"size-5 rounded border-neutral-300 accent-neutral-900 cursor-pointer\"\u001b[39m\n    \u001b[33mtype\u001b[39m=\u001b[32m\"checkbox\"\u001b[39m\n  \u001b[36m/>\u001b[39m\n\n  --------------------------------------------------\n\nIgnored nodes: comments, script, style\n\u001b[36m<body>\u001b[39m\n  \u001b[36m<div>\u001b[39m\n    \u001b[36m<div\u001b[39m\n      \u001b[33mclass\u001b[39m=\u001b[32m\"flex flex-col sm:flex-row sm:items-center justify-between gap-4 mb-4\"\u001b[39m\n    \u001b[36m>\u001b[39m\n      \u001b[36m<div\u001b[39m\n        \u001b[33mclass\u001b[39m=\u001b[32m\"mb-6 w-full\"\u001b[39m\n      \u001b[36m>\u001b[39m\n        \u001b[36m<div\u001b[39m\n          \u001b[33mclass\u001b[39m=\u001b[32m\"flex w-full items-center rounded-lg bg-white px-4 py-3 border border-neutral-200 shadow-sm\"\u001b[39m\n        \u001b[36m>\u001b[39m\n          \u001b[36m<div\u001b[39m\n            \u001b[33mclass\u001b[39m=\u001b[32m\"flex-1 min-w-0 text-left\"\u001b[39m\n          \u001b[36m>\u001b[39m\n            \u001b[36m<h1\u001b[39m\n              \u001b[33mclass\u001b[39m=\u001b[32m\"text-xl font-semibold text-neutral-900 leading-tight truncate\"\u001b[39m\n            \u001b[36m>\u001b[39m\n              \u001b[0mLedgers\u001b[0m\n            \u001b[36m</h1>\u001b[39m\n          \u001b[36m</div>\u001b[39m\n          \u001b[36m<div\u001b[39m\n            \u001b[33mclass\u001b[39m=\u001b[32m\"flex items-center gap-2 justify-end\"\u001b[39m\n          \u001b[36m>\u001b[39m\n            \u001b[36m<div\u001b[39m\n              \u001b[33mclass\u001b[39m=\u001b[32m\"flex items-center gap-2\"\u001b[39m\n            \u001b[36m>\u001b[39m\n              \u001b[36m<button\u001b[39m\n                \u001b[33mclass\u001b[39m=\u001b[32m\"inline-flex items-center gap-2 h-9 px-3 rounded-md bg-neutral-900 text-white hover:bg-neutral-800\"\u001b[39m\n              \u001b[36m>\u001b[39m\n                \u001b[36m<svg\u001b[39m\n                  \u001b[33mclass\u001b[39m=\u001b[32m\"size-4\"\u001b[39m\n                  \u001b[33mfill\u001b[39m=\u001b[32m\"none\"\u001b[39m\n                  \u001b[33mheight\u001b[39m=\u001b[32m\"1em\"\u001b[39m\n                  \u001b[33mstroke\u001b[39m=\u001b[32m\"currentColor\"\u001b[39m\n                  \u001b[33mstroke-linecap\u001b[39m=\u001b[32m\"round\"\u001b[39m\n                  \u001b[33mstroke-linejoin\u001b[39m=\u001b[32m\"round\"\u001b[39m\n                  \u001b[33mstroke-width\u001b[39m=\u001b[32m\"2\"\u001b[39m\n                  \u001b[33mviewBox\u001b[39m=\u001b[32m\"0 0 24 24\"\u001b[39m\n                  \u001b[33mwidth\u001b[39m=\u001b[32m\"1em\"\u001b[39m\n                  \u001b[33mxmlns\u001b[39m=\u001b[32m\"http://www.w3.org/2000/svg\"\u001b[39m\n                \u001b[36m>\u001b[39m\n                  \u001b[36m<line\u001b[39m\n                    \u001b[33mx1\u001b[39m=\u001b[32m\"12\"\u001b[39m\n                    \u001b[33mx2\u001b[39m=\u001b[32m\"12\"\u001b[39m\n                    \u001b[33my1\u001b[39m=\u001b[32m\"5\"\u001b[39m\n                    \u001b[33my2\u001b[39m=\u001b[32m\"19\"\u001b[39m\n                  \u001b[36m/>\u001b[39m\n                  \u001b[36m<line\u001b[39m\n                    \u001b[33mx1\u001b[39m=\u001b[32m\"5\"\u001b[39m\n                    \u001b[33mx2\u001b[39m=\u001b[32m\"19\"\u001b[39m\n                    \u001b[33my1\u001b[39m=\u001b[32m\"12\"\u001b[39m\n                    \u001b[33my2\u001b[39m=\u001b[32m\"12\"\u001b[39m\n                  \u001b[36m/>\u001b[39m\n                \u001b[36m</svg>\u001b[39m\n                \u001b[36m<span>\u001b[39m\n                  \u001b[0mNew Ledger\u001b[0m\n                \u001b[36m</span>\u001b[39m\n              \u001b[36m</button>\u001b[39m\n            \u001b[36m</div>\u001b[39m\n          \u001b[36m</div>\u001b[39m\n        \u001b[36m</div>\u001b[39m\n      \u001b[36m</div>\u001b[39m\n    \u001b[36m</div>\u001b[39m\n    \u001b[36m<div\u001b[39m\n      \u001b[33mclass\u001b[39m=\u001b[32m\"mt-4 grid grid-cols-1 sm:grid-cols-3 gap-3\"\u001b[39m\n    \u001b[36m>\u001b[39m\n      \u001b[36m<div\u001b[39m\n        \u001b[33mclass\u001b[39m=\u001b[32m\"p-4 rounded-md bg-white border border-neutral-200\"\u001b[39m\n      \u001b[36m>\u001b[39m\n        \u001b[36m<p\u001b[39m\n          \u001b[33mclass\u001b[39m=\u001b[32m\"text-xs font-medium text-neutral-500\"\u001b[39m\n        \u001b[36m>\u001b[39m\n          \u001b[0mTotal Debit\u001b[0m\n        \u001b[36m</p>\u001b[39m\n        \u001b[36m<p\u001b[39m\n          \u001b[33mclass\u001b[39m=\u001b[32m\"text-2xl font-bold tabular-nums text-neutral-900\"\u001b[39m\n        \u001b[36m>\u001b[39m\n          \u001b[0mRs 0.00\u001b[0m\n        \u001b[36m</p>\u001b[39m\n      \u001b[36m</div>\u001b[39m\n      \u001b[36m<div\u001b[39m\n        \u001b[33mclass\u001b[39m=\u001b[32m\"p-4 rounded-md bg-white border border-neutral-200\"\u001b[39m\n      \u001b[36m>\u001b[39m\n        \u001b[36m<p\u001b[39m\n          \u001b[33mclass\u001b[39m=\u001b[32m\"text-xs font-medium text-neutral-500\"\u001b[39m\n        \u001b[36m>\u001b[39m\n          \u001b[0mTotal Credit\u001b[0m\n        \u001b[36m</p>\u001b[39m\n        \u001b[36m<p\u001b[39m\n          \u001b[33mclass\u001b[39m=\u001b[32m\"text-2xl font-bold tabular-nums text-neutral-900\"\u001b[39m\n        \u001b[36m>\u001b[39m\n          \u001b[0mRs 0.00\u001b[0m\n        \u001b[36m</p>\u001b[39m\n      \u001b[36m</div>\u001b[39m\n      \u001b[36m<div\u001b[39m\n        \u001b[33mclass\u001b[39m=\u001b[32m\"p-4 rounded-md bg-white border border-neutral-200\"\u001b[39m\n      \u001b[36m>\u001b[39m\n        \u001b[36m<p\u001b[39m\n          \u001b[33mclass\u001b[39m=\u001b[32m\"text-xs font-medium text-neutral-500\"\u001b[39m\n        \u001b[36m>\u001b[39m\n          \u001b[0mNet Balance\u001b[0m\n        \u001b[36m</p>\u001b[39m\n        \u001b[36m<p\u001b[39m\n          \u001b[33mclass\u001b[39m=\u001b[32m\"text-2xl font-bold tabular-nums text-green-600\"\u001b[39m\n        \u001b[36m>\u001b[39m\n          \u001b[0mRs 0.00\u001b[0m\n        \u001b[36m</p>\u001b[39m\n        \u001b[36m<div\u001b[39m\n          \u001b[33mclass\u001b[39m=\u001b[32m\"mt-2 text-xs text-neutral-500\"\u001b[39m\n        \u001b[36m>\u001b[39m\n          \u001b[0m↑ Profit\u001b[0m\n        \u001b[36m</div>\u001b[39m\n      \u001b[36m</div>\u001b[39m\n    \u001b[36m</div>\u001b[39m\n    \u001b[36m<div\u001b[39m\n      \u001b[33mclass\u001b[39m=\u001b[32m\"mt-4 bg-white rounded-lg shadow-sm border border-neutral-200 overflow-hidden max-h-[70vh]\"\u001b[39m\n    \u001b[36m>\u001b[39m\n      \u001b[36m<div\u001b[39m\n        \u001b[33mclass\u001b[39m=\u001b[32m\"sticky top-0 z-10 flex items-center gap-4 px-4 py-3 bg-neutral-50 border-b border-neutral-200 text-xs font-semibold text-neutral-500 uppercase tracking-wider\"\u001b[39m\n      \u001b[36m>\u001b[39m\n        \u001b[36m<div\u001b[39m\n          \u001b[33mclass\u001b[39m=\u001b[32m\"w-8 shrink-0 flex justify-center\"\u001b[39m\n        \u001b[36m>\u001b[39m\n          \u001b[36m<input\u001b[39m\n            \u001b[33maria-label\u001b[39m=\u001b[32m\"Select all\"\u001b[39m\n            \u001b[33mclass\u001b[39m=\u001b[32m\"size-5 rounded border-neutral-300 accent-neutral-900 cursor-pointer\"\u001b[39m\n            \u001b[33mtype\u001b[39m=\u001b[32m\"checkbox\"\u001b[39m\n          \u001b[36m/>\u001b[39m\n        \u001b[36m</div>\u001b[39m\n        \u001b[36m<div\u001b[39m\n          \u001b[33mclass\u001b[39m=\u001b[32m\"w-12 shrink-0 text-center\"\u001b[39m\n        \u001b[36m>\u001b[39m\n          \u001b[0mS. NO\u001b[0m\n        \u001b[36m</div>\u001b[39m\n        \u001b[36m<div\u001b[39m\n          \u001b[33mclass\u001b[39m=\u001b[32m\"flex-1 min-w-[350px]\"\u001b[39m\n        \u001b[36m>\u001b[39m\n          \u001b[0mCustomer Name\u001b[0m\n        \u001b[36m</div>\u001b[39m\n        \u001b[36m<div\u001b[39m\n          \u001b[33mclass\u001b[39m=\u001b[32m\"w-28 shrink-0 text-center\"\u001b[39m\n        \u001b[36m>\u001b[39m\n          \u001b[0mTotal Debit\u001b[0m\n        \u001b[36m</div>\u001b[39m\n        \u001b[36m<div\u001b[39m\n          \u001b[33mclass\u001b[39m=\u001b[32m\"w-28 shrink-0 text-center\"\u001b[39m\n        \u001b[36m>\u001b[39m\n          \u001b[0mTotal Credit\u001b[0m\n        \u001b[36m</div>\u001b[39m\n        \u001b[36m<div\u001b[39m\n          \u001b[33mclass\u001b[39m=\u001b[32m\"w-32 shrink-0 text-center\"\u001b[39m\n        \u001b[36m>\u001b[39m\n          \u001b[0mAccount Balance\u001b[0m\n        \u001b[36m</div>\u001b[39m\n        \u001b[36m<div\u001b[39m\n          \u001b[33mclass\u001b[39m=\u001b[32m\"w-20 shrink-0 text-center\"\u001b[39m\n        \u001b[36m>\u001b[39m\n          \u001b[0mDR/CR\u001b[0m\n        \u001b[36m</div>\u001b[39m\n        \u001b[36m<div\u001b[39m\n          \u001b[33maria-hidden\u001b[39m=\u001b[32m\"true\"\u001b[39m\n          \u001b[33mclass\u001b[39m=\u001b[32m\"w-6 shrink-0\"\u001b[39m\n        \u001b[36m/>\u001b[39m\n      \u001b[36m</div>\u001b[39m\n      \u001b[36m<div\u001b[39m\n        \u001b[33mclass\u001b[39m=\u001b[32m\"p-6 text-neutral-600\"\u001b[39m\n      \u001b[36m>\u001b[39m\n        \u001b[0mNo ledger entries yet.\u001b[0m\n      \u001b[36m</div>\u001b[39m\n    \u001b[36m</div>\u001b[39m\n  \u001b[36m</div>\u001b[39m\n\u001b[36m</body>\u001b[39m\n    at Object.getElementError (D:\\New - Dev Space\\Electron\\legerly\\node_modules\\@testing-library\\dom\\dist\\config.js:37:19)\n    at D:\\New - Dev Space\\Electron\\legerly\\node_modules\\@testing-library\\dom\\dist\\query-helpers.js:76:38\n    at D:\\New - Dev Space\\Electron\\legerly\\node_modules\\@testing-library\\dom\\dist\\query-helpers.js:52:17\n    at D:\\New - Dev Space\\Electron\\legerly\\node_modules\\@testing-library\\dom\\dist\\query-helpers.js:95:19\n    at D:\\New - Dev Space\\Electron\\legerly\\src\\tests\\Ledger.test.tsx:42:19\n    at file:///D:/New%20-%20Dev%20Space/Electron/legerly/node_modules/@vitest/runner/dist/chunk-hooks.js:155:11\n    at file:///D:/New%20-%20Dev%20Space/Electron/legerly/node_modules/@vitest/runner/dist/chunk-hooks.js:752:26\n    at file:///D:/New%20-%20Dev%20Space/Electron/legerly/node_modules/@vitest/runner/dist/chunk-hooks.js:1897:20\n    at new Promise (<anonymous>)\n    at runWithTimeout (file:///D:/New%20-%20Dev%20Space/Electron/legerly/node_modules/@vitest/runner/dist/chunk-hooks.js:1863:10)"],"meta":{}},{"ancestorTitles":["Ledger Page"],"fullName":"Ledger Page loads and displays ledger items correctly","status":"failed","title":"loads and displays ledger items correctly","duration":1025.0685000000003,"failureMessages":["Error: \u001b[2mexpect(\u001b[22m\u001b[31mreceived\u001b[39m\u001b[2m).toBeInTheDocument()\u001b[22m\n\n\u001b[31mreceived\u001b[39m value must be an HTMLElement or an SVGElement.\nReceived has type:  Null\nReceived has value: \u001b[31mnull\u001b[39m\n\nIgnored nodes: comments, script, style\n\u001b[36m<html>\u001b[39m\n  \u001b[36m<head />\u001b[39m\n  \u001b[36m<body>\u001b[39m\n    \u001b[36m<div>\u001b[39m\n      \u001b[36m<div\u001b[39m\n        \u001b[33mclass\u001b[39m=\u001b[32m\"flex flex-col sm:flex-row sm:items-center justify-between gap-4 mb-4\"\u001b[39m\n      \u001b[36m>\u001b[39m\n        \u001b[36m<div\u001b[39m\n          \u001b[33mclass\u001b[39m=\u001b[32m\"mb-6 w-full\"\u001b[39m\n        \u001b[36m>\u001b[39m\n          \u001b[36m<div\u001b[39m\n            \u001b[33mclass\u001b[39m=\u001b[32m\"flex w-full items-center rounded-lg bg-white px-4 py-3 border border-neutral-200 shadow-sm\"\u001b[39m\n          \u001b[36m>\u001b[39m\n            \u001b[36m<div\u001b[39m\n              \u001b[33mclass\u001b[39m=\u001b[32m\"flex-1 min-w-0 text-left\"\u001b[39m\n            \u001b[36m>\u001b[39m\n              \u001b[36m<h1\u001b[39m\n                \u001b[33mclass\u001b[39m=\u001b[32m\"text-xl font-semibold text-neutral-900 leading-tight truncate\"\u001b[39m\n              \u001b[36m>\u001b[39m\n                \u001b[0mLedgers\u001b[0m\n              \u001b[36m</h1>\u001b[39m\n            \u001b[36m</div>\u001b[39m\n            \u001b[36m<div\u001b[39m\n              \u001b[33mclass\u001b[39m=\u001b[32m\"flex items-center gap-2 justify-end\"\u001b[39m\n            \u001b[36m>\u001b[39m\n              \u001b[36m<div\u001b[39m\n                \u001b[33mclass\u001b[39m=\u001b[32m\"flex items-center gap-2\"\u001b[39m\n              \u001b[36m>\u001b[39m\n                \u001b[36m<button\u001b[39m\n                  \u001b[33mclass\u001b[39m=\u001b[32m\"inline-flex items-center gap-2 h-9 px-3 rounded-md bg-neutral-900 text-white hover:bg-neutral-800\"\u001b[39m\n                \u001b[36m>\u001b[39m\n                  \u001b[36m<svg\u001b[39m\n                    \u001b[33mclass\u001b[39m=\u001b[32m\"size-4\"\u001b[39m\n                    \u001b[33mfill\u001b[39m=\u001b[32m\"none\"\u001b[39m\n                    \u001b[33mheight\u001b[39m=\u001b[32m\"1em\"\u001b[39m\n                    \u001b[33mstroke\u001b[39m=\u001b[32m\"currentColor\"\u001b[39m\n                    \u001b[33mstroke-linecap\u001b[39m=\u001b[32m\"round\"\u001b[39m\n                    \u001b[33mstroke-linejoin\u001b[39m=\u001b[32m\"round\"\u001b[39m\n                    \u001b[33mstroke-width\u001b[39m=\u001b[32m\"2\"\u001b[39m\n                    \u001b[33mviewBox\u001b[39m=\u001b[32m\"0 0 24 24\"\u001b[39m\n                    \u001b[33mwidth\u001b[39m=\u001b[32m\"1em\"\u001b[39m\n                    \u001b[33mxmlns\u001b[39m=\u001b[32m\"http://www.w3.org/2000/svg\"\u001b[39m\n                  \u001b[36m>\u001b[39m\n                    \u001b[36m<line\u001b[39m\n                      \u001b[33mx1\u001b[39m=\u001b[32m\"12\"\u001b[39m\n                      \u001b[33mx2\u001b[39m=\u001b[32m\"12\"\u001b[39m\n                      \u001b[33my1\u001b[39m=\u001b[32m\"5\"\u001b[39m\n                      \u001b[33my2\u001b[39m=\u001b[32m\"19\"\u001b[39m\n                    \u001b[36m/>\u001b[39m\n                    \u001b[36m<line\u001b[39m\n                      \u001b[33mx1\u001b[39m=\u001b[32m\"5\"\u001b[39m\n                      \u001b[33mx2\u001b[39m=\u001b[32m\"19\"\u001b[39m\n                      \u001b[33my1\u001b[39m=\u001b[32m\"12\"\u001b[39m\n                      \u001b[33my2\u001b[39m=\u001b[32m\"12\"\u001b[39m\n                    \u001b[36m/>\u001b[39m\n                  \u001b[36m</svg>\u001b[39m\n                  \u001b[36m<span>\u001b[39m\n                    \u001b[0mNew Ledger\u001b[0m\n                  \u001b[36m</span>\u001b[39m\n                \u001b[36m</button>\u001b[39m\n              \u001b[36m</div>\u001b[39m\n            \u001b[36m</div>\u001b[39m\n          \u001b[36m</div>\u001b[39m\n        \u001b[36m</div>\u001b[39m\n      \u001b[36m</div>\u001b[39m\n      \u001b[36m<div\u001b[39m\n        \u001b[33mclass\u001b[39m=\u001b[32m\"mt-4 grid grid-cols-1 sm:grid-cols-3 gap-3\"\u001b[39m\n      \u001b[36m>\u001b[39m\n        \u001b[36m<div\u001b[39m\n          \u001b[33mclass\u001b[39m=\u001b[32m\"p-4 rounded-md bg-white border border-neutral-200\"\u001b[39m\n        \u001b[36m>\u001b[39m\n          \u001b[36m<p\u001b[39m\n            \u001b[33mclass\u001b[39m=\u001b[32m\"text-xs font-medium text-neutral-500\"\u001b[39m\n          \u001b[36m>\u001b[39m\n            \u001b[0mTotal Debit\u001b[0m\n          \u001b[36m</p>\u001b[39m\n          \u001b[36m<p\u001b[39m\n            \u001b[33mclass\u001b[39m=\u001b[32m\"text-2xl font-bold tabular-nums text-neutral-900\"\u001b[39m\n          \u001b[36m>\u001b[39m\n            \u001b[0mRs 0.00\u001b[0m\n          \u001b[36m</p>\u001b[39m\n        \u001b[36m</div>\u001b[39m\n        \u001b[36m<div\u001b[39m\n          \u001b[33mclass\u001b[39m=\u001b[32m\"p-4 rounded-md bg-white border border-neutral-200\"\u001b[39m\n        \u001b[36m>\u001b[39m\n          \u001b[36m<p\u001b[39m\n            \u001b[33mclass\u001b[39m=\u001b[32m\"text-xs font-medium text-neutral-500\"\u001b[39m\n          \u001b[36m>\u001b[39m\n            \u001b[0mTotal Credit\u001b[0m\n          \u001b[36m</p>\u001b[39m\n          \u001b[36m<p\u001b[39m\n            \u001b[33mclass\u001b[39m=\u001b[32m\"text-2xl font-bold tabular-nums text-neutral-900\"\u001b[39m\n          \u001b[36m>\u001b[39m\n            \u001b[0mRs 0.00\u001b[0m\n          \u001b[36m</p>\u001b[39m\n        \u001b[36m</div>\u001b[39m\n        \u001b[36m<div\u001b[39m\n          \u001b[33mclass\u001b[39m=\u001b[32m\"p-4 rounded-md bg-white border border-neutral-200\"\u001b[39m\n        \u001b[36m>\u001b[39m\n          \u001b[36m<p\u001b[39m\n            \u001b[33mclass\u001b[39m=\u001b[32m\"text-xs font-medium text-neutral-500\"\u001b[39m\n          \u001b[36m>\u001b[39m\n            \u001b[0mNet Balance\u001b[0m\n          \u001b[36m</p>\u001b[39m\n          \u001b[36m<p\u001b[39m\n            \u001b[33mclass\u001b[39m=\u001b[32m\"text-2xl font-bold tabular-nums text-green-600\"\u001b[39m\n          \u001b[36m>\u001b[39m\n            \u001b[0mRs 0.00\u001b[0m\n          \u001b[36m</p>\u001b[39m\n          \u001b[36m<div\u001b[39m\n            \u001b[33mclass\u001b[39m=\u001b[32m\"mt-2 text-xs text-neutral-500\"\u001b[39m\n          \u001b[36m>\u001b[39m\n            \u001b[0m↑ Profit\u001b[0m\n          \u001b[36m</div>\u001b[39m\n        \u001b[36m</div>\u001b[39m\n      \u001b[36m</div>\u001b[39m\n      \u001b[36m<div\u001b[39m\n        \u001b[33mclass\u001b[39m=\u001b[32m\"mt-4 bg-white rounded-lg shadow-sm border border-neutral-200 overflow-hidden max-h-[70vh]\"\u001b[39m\n      \u001b[36m>\u001b[39m\n        \u001b[36m<div\u001b[39m\n          \u001b[33mclass\u001b[39m=\u001b[32m\"sticky top-0 z-10 flex items-center gap-4 px-4 py-3 bg-neutral-50 border-b border-neutral-200 text-xs font-semibold text-neutral-500 uppercase tracking-wider\"\u001b[39m\n        \u001b[36m>\u001b[39m\n          \u001b[36m<div\u001b[39m\n            \u001b[33mclass\u001b[39m=\u001b[32m\"w-8 shrink-0 flex justify-center\"\u001b[39m\n          \u001b[36m>\u001b[39m\n            \u001b[36m<input\u001b[39m\n              \u001b[33maria-label\u001b[39m=\u001b[32m\"Select all\"\u001b[39m\n              \u001b[33mclass\u001b[39m=\u001b[32m\"size-5 rounded border-neutral-300 accent-neutral-900 cursor-pointer\"\u001b[39m\n              \u001b[33mtype\u001b[39m=\u001b[32m\"checkbox\"\u001b[39m\n            \u001b[36m/>\u001b[39m\n          \u001b[36m</div>\u001b[39m\n          \u001b[36m<div\u001b[39m\n            \u001b[33mclass\u001b[39m=\u001b[32m\"w-12 shrink-0 text-center\"\u001b[39m\n          \u001b[36m>\u001b[39m\n            \u001b[0mS. NO\u001b[0m\n          \u001b[36m</div>\u001b[39m\n          \u001b[36m<div\u001b[39m\n            \u001b[33mclass\u001b[39m=\u001b[32m\"flex-1 min-w-[350px]\"\u001b[39m\n          \u001b[36m>\u001b[39m\n            \u001b[0mCustomer Name\u001b[0m\n          \u001b[36m</div>\u001b[39m\n          \u001b[36m<div\u001b[39m\n            \u001b[33mclass\u001b[39m=\u001b[32m\"w-28 shrink-0 text-center\"\u001b[39m\n          \u001b[36m>\u001b[39m\n            \u001b[0mTotal Debit\u001b[0m\n          \u001b[36m</div>\u001b[39m\n          \u001b[36m<div\u001b[39m\n            \u001b[33mclass\u001b[39m=\u001b[32m\"w-28 shrink-0 text-center\"\u001b[39m\n          \u001b[36m>\u001b[39m\n            \u001b[0mTotal Credit\u001b[0m\n          \u001b[36m</div>\u001b[39m\n          \u001b[36m<div\u001b[39m\n            \u001b[33mclass\u001b[39m=\u001b[32m\"w-32 shrink-0 text-center\"\u001b[39m\n          \u001b[36m>\u001b[39m\n            \u001b[0mAccount Balance\u001b[0m\n          \u001b[36m</div>\u001b[39m\n          \u001b[36m<div\u001b[39m\n            \u001b[33mclass\u001b[39m=\u001b[32m\"w-20 shrink-0 text-center\"\u001b[39m\n          \u001b[36m>\u001b[39m\n            \u001b[0mDR/CR\u001b[0m\n          \u001b[36m</div>\u001b[39m\n          \u001b[36m<div\u001b[39m\n            \u001b[33maria-hidden\u001b[39m=\u001b[32m\"true\"\u001b[39m\n            \u001b[33mclass\u001b[39m=\u001b[32m\"w-6 shrink-0\"\u001b[39m\n          \u001b[36m/>\u001b[39m\n        \u001b[36m</div>\u001b[39m\n        \u001b[36m<div\u001b[39m\n          \u001b[33mclass\u001b[39m=\u001b[32m\"group border-b border-neutral-100 last:border-0\"\u001b[39m\n        \u001b[36m>\u001b[39m\n          \u001b[36m<div\u001b[39m\n            \u001b[33mclass\u001b[39m=\u001b[32m\"flex items-center gap-4 px-4 py-3 transition-colors cursor-pointer hover:bg-neutral-50\"\u001b[39m\n          \u001b[36m>\u001b[39m\n            \u001b[36m<div\u001b[39m\n              \u001b[33mclass\u001b[39m=\u001b[32m\"w-8 shrink-0 flex justify-center\"\u001b[39m\n            \u001b[36m>\u001b[39m\n              \u001b[36m<input\u001b[39m\n                \u001b[33mclass\u001b[39m=\u001b[32m\"size-5 rounded border-neutral-300 accent-neutral-900 cursor-pointer\"\u001b[39m\n                \u001b[33mtitle\u001b[39m=\u001b[32m\"Select row\"\u001b[39m\n                \u001b[33mtype\u001b[39m=\u001b[32m\"checkbox\"\u001b[39m\n              \u001b[36m/>\u001b[39m\n            \u001b[36m</div>\u001b[39m\n            \u001b[36m<div\u001b[39m\n              \u001b[33mclass\u001b[39m=\u001b[32m\"w-12 shrink-0 text-center font-mono text-sm text-neutral-600\"\u001b[39m\n            \u001b[36m>\u001b[39m\n              \u001b[0m1\u001b[0m\n            \u001b[36m</div>\u001b[39m\n            \u001b[36m<div\u001b[39m\n              \u001b[33mclass\u001b[39m=\u001b[32m\"flex-1 min-w-[350px] text-neutral-900 font-medium truncate\"\u001b[39m\n            \u001b[36m>\u001b[39m\n              \u001b[0mCustomer One\u001b[0m\n            \u001b[36m</div>\u001b[39m\n            \u001b[36m<div\u001b[39m\n              \u001b[33mclass\u001b[39m=\u001b[32m\"w-28 shrink-0 text-center tabular-nums text-sm text-neutral-600\"\u001b[39m\n            \u001b[36m>\u001b[39m\n              \u001b[0m0.00\u001b[0m\n            \u001b[36m</div>\u001b[39m\n            \u001b[36m<div\u001b[39m\n              \u001b[33mclass\u001b[39m=\u001b[32m\"w-28 shrink-0 text-center tabular-nums text-sm text-neutral-600\"\u001b[39m\n            \u001b[36m>\u001b[39m\n              \u001b[0m0.00\u001b[0m\n            \u001b[36m</div>\u001b[39m\n            \u001b[36m<div\u001b[39m\n              \u001b[33mclass\u001b[39m=\u001b[32m\"w-32 shrink-0 text-center tabular-nums font-semibold text-sm\"\u001b[39m\n            \u001b[36m>\u001b[39m\n              \u001b[0m0.00\u001b[0m\n            \u001b[36m</div>\u001b[39m\n            \u001b[36m<div\u001b[39m\n              \u001b[33mclass\u001b[39m=\u001b[32m\"w-20 shrink-0 text-center text-xs font-medium text-neutral-500\"\u001b[39m\n            \u001b[36m>\u001b[39m\n              \u001b[0mCR\u001b[0m\n            \u001b[36m</div>\u001b[39m\n            \u001b[36m<div\u001b[39m\n              \u001b[33mclass\u001b[39m=\u001b[32m\"w-6 shrink-0 flex justify-end\"\u001b[39m\n            \u001b[36m>\u001b[39m\n              \u001b[36m<svg\u001b[39m\n                \u001b[33mclass\u001b[39m=\u001b[32m\"size-4 text-neutral-400 transition-transform \"\u001b[39m\n                \u001b[33mfill\u001b[39m=\u001b[32m\"none\"\u001b[39m\n                \u001b[33mstroke\u001b[39m=\u001b[32m\"currentColor\"\u001b[39m\n                \u001b[33mviewBox\u001b[39m=\u001b[32m\"0 0 24 24\"\u001b[39m\n              \u001b[36m>\u001b[39m\n                \u001b[36m<path\u001b[39m\n                  \u001b[33md\u001b[39m=\u001b[32m\"M19 9l-7 7-7-7\"\u001b[39m\n                  \u001b[33mstroke-linecap\u001b[39m=\u001b[32m\"round\"\u001b[39m\n                  \u001b[33mstroke-linejoin\u001b[39m=\u001b[32m\"round\"\u001b[39m\n                  \u001b[33mstroke-width\u001b[39m=\u001b[32m\"2\"\u001b[39m\n                \u001b[36m/>\u001b[39m\n              \u001b[36m</svg>\u001b[39m\n            \u001b[36m</div>\u001b[39m\n          \u001b[36m</div>\u001b[39m\n        \u001b[36m</div>\u001b[39m\n      \u001b[36m</div>\u001b[39m\n    \u001b[36m</div>\u001b[39m\n  \u001b[36m</body>\u001b[39m\n\u001b[36m</html>\u001b[39m\n    at Proxy.expectWrapper (file:///D:/New%20-%20Dev%20Space/Electron/legerly/node_modules/@vitest/expect/dist/index.js:1734:36)\n    at Proxy.<anonymous> (file:///D:/New%20-%20Dev%20Space/Electron/legerly/node_modules/@vitest/expect/dist/index.js:1029:14)\n    at Proxy.methodWrapper (file:///D:/New%20-%20Dev%20Space/Electron/legerly/node_modules/chai/index.js:1686:25)\n    at D:\\New - Dev Space\\Electron\\legerly\\src\\tests\\Ledger.test.tsx:75:19\n    at runWithExpensiveErrorDiagnosticsDisabled (D:\\New - Dev Space\\Electron\\legerly\\node_modules\\@testing-library\\dom\\dist\\config.js:47:12)\n    at checkCallback (D:\\New - Dev Space\\Electron\\legerly\\node_modules\\@testing-library\\dom\\dist\\wait-for.js:124:77)\n    at Timeout.checkRealTimersCallback (D:\\New - Dev Space\\Electron\\legerly\\node_modules\\@testing-library\\dom\\dist\\wait-for.js:118:16)\n    at listOnTimeout (node:internal/timers:605:17)\n    at processTimers (node:internal/timers:541:7)"],"meta":{}},{"ancestorTitles":["Ledger Page"],"fullName":"Ledger Page enables delete button only when items are selected","status":"failed","title":"enables delete button only when items are selected","duration":1016.4607999999998,"failureMessages":["Error: Unable to find an element with the text: Entry A. This could be because the text is broken up by multiple elements. In this case, you can provide a function for your text matcher to make your matcher more flexible.\n\nIgnored nodes: comments, script, style\n\u001b[36m<body>\u001b[39m\n  \u001b[36m<div>\u001b[39m\n    \u001b[36m<div\u001b[39m\n      \u001b[33mclass\u001b[39m=\u001b[32m\"flex flex-col sm:flex-row sm:items-center justify-between gap-4 mb-4\"\u001b[39m\n    \u001b[36m>\u001b[39m\n      \u001b[36m<div\u001b[39m\n        \u001b[33mclass\u001b[39m=\u001b[32m\"mb-6 w-full\"\u001b[39m\n      \u001b[36m>\u001b[39m\n        \u001b[36m<div\u001b[39m\n          \u001b[33mclass\u001b[39m=\u001b[32m\"flex w-full items-center rounded-lg bg-white px-4 py-3 border border-neutral-200 shadow-sm\"\u001b[39m\n        \u001b[36m>\u001b[39m\n          \u001b[36m<div\u001b[39m\n            \u001b[33mclass\u001b[39m=\u001b[32m\"flex-1 min-w-0 text-left\"\u001b[39m\n          \u001b[36m>\u001b[39m\n            \u001b[36m<h1\u001b[39m\n              \u001b[33mclass\u001b[39m=\u001b[32m\"text-xl font-semibold text-neutral-900 leading-tight truncate\"\u001b[39m\n            \u001b[36m>\u001b[39m\n              \u001b[0mLedgers\u001b[0m\n            \u001b[36m</h1>\u001b[39m\n          \u001b[36m</div>\u001b[39m\n          \u001b[36m<div\u001b[39m\n            \u001b[33mclass\u001b[39m=\u001b[32m\"flex items-center gap-2 justify-end\"\u001b[39m\n          \u001b[36m>\u001b[39m\n            \u001b[36m<div\u001b[39m\n              \u001b[33mclass\u001b[39m=\u001b[32m\"flex items-center gap-2\"\u001b[39m\n            \u001b[36m>\u001b[39m\n              \u001b[36m<button\u001b[39m\n                \u001b[33mclass\u001b[39m=\u001b[32m\"inline-flex items-center gap-2 h-9 px-3 rounded-md bg-neutral-900 text-white hover:bg-neutral-800\"\u001b[39m\n              \u001b[36m>\u001b[39m\n                \u001b[36m<svg\u001b[39m\n                  \u001b[33mclass\u001b[39m=\u001b[32m\"size-4\"\u001b[39m\n                  \u001b[33mfill\u001b[39m=\u001b[32m\"none\"\u001b[39m\n                  \u001b[33mheight\u001b[39m=\u001b[32m\"1em\"\u001b[39m\n                  \u001b[33mstroke\u001b[39m=\u001b[32m\"currentColor\"\u001b[39m\n                  \u001b[33mstroke-linecap\u001b[39m=\u001b[32m\"round\"\u001b[39m\n                  \u001b[33mstroke-linejoin\u001b[39m=\u001b[32m\"round\"\u001b[39m\n                  \u001b[33mstroke-width\u001b[39m=\u001b[32m\"2\"\u001b[39m\n                  \u001b[33mviewBox\u001b[39m=\u001b[32m\"0 0 24 24\"\u001b[39m\n                  \u001b[33mwidth\u001b[39m=\u001b[32m\"1em\"\u001b[39m\n                  \u001b[33mxmlns\u001b[39m=\u001b[32m\"http://www.w3.org/2000/svg\"\u001b[39m\n                \u001b[36m>\u001b[39m\n                  \u001b[36m<line\u001b[39m\n                    \u001b[33mx1\u001b[39m=\u001b[32m\"12\"\u001b[39m\n                    \u001b[33mx2\u001b[39m=\u001b[32m\"12\"\u001b[39m\n                    \u001b[33my1\u001b[39m=\u001b[32m\"5\"\u001b[39m\n                    \u001b[33my2\u001b[39m=\u001b[32m\"19\"\u001b[39m\n                  \u001b[36m/>\u001b[39m\n                  \u001b[36m<line\u001b[39m\n                    \u001b[33mx1\u001b[39m=\u001b[32m\"5\"\u001b[39m\n                    \u001b[33mx2\u001b[39m=\u001b[32m\"19\"\u001b[39m\n                    \u001b[33my1\u001b[39m=\u001b[32m\"12\"\u001b[39m\n                    \u001b[33my2\u001b[39m=\u001b[32m\"12\"\u001b[39m\n                  \u001b[36m/>\u001b[39m\n                \u001b[36m</svg>\u001b[39m\n                \u001b[36m<span>\u001b[39m\n                  \u001b[0mNew Ledger\u001b[0m\n                \u001b[36m</span>\u001b[39m\n              \u001b[36m</button>\u001b[39m\n            \u001b[36m</div>\u001b[39m\n          \u001b[36m</div>\u001b[39m\n        \u001b[36m</div>\u001b[39m\n      \u001b[36m</div>\u001b[39m\n    \u001b[36m</div>\u001b[39m\n    \u001b[36m<div\u001b[39m\n      \u001b[33mclass\u001b[39m=\u001b[32m\"mt-4 grid grid-cols-1 sm:grid-cols-3 gap-3\"\u001b[39m\n    \u001b[36m>\u001b[39m\n      \u001b[36m<div\u001b[39m\n        \u001b[33mclass\u001b[39m=\u001b[32m\"p-4 rounded-md bg-white border border-neutral-200\"\u001b[39m\n      \u001b[36m>\u001b[39m\n        \u001b[36m<p\u001b[39m\n          \u001b[33mclass\u001b[39m=\u001b[32m\"text-xs font-medium text-neutral-500\"\u001b[39m\n        \u001b[36m>\u001b[39m\n          \u001b[0mTotal Debit\u001b[0m\n        \u001b[36m</p>\u001b[39m\n        \u001b[36m<p\u001b[39m\n          \u001b[33mclass\u001b[39m=\u001b[32m\"text-2xl font-bold tabular-nums text-neutral-900\"\u001b[39m\n        \u001b[36m>\u001b[39m\n          \u001b[0mRs 0.00\u001b[0m\n        \u001b[36m</p>\u001b[39m\n      \u001b[36m</div>\u001b[39m\n      \u001b[36m<div\u001b[39m\n        \u001b[33mclass\u001b[39m=\u001b[32m\"p-4 rounded-md bg-white border border-neutral-200\"\u001b[39m\n      \u001b[36m>\u001b[39m\n        \u001b[36m<p\u001b[39m\n          \u001b[33mclass\u001b[39m=\u001b[32m\"text-xs font-medium text-neutral-500\"\u001b[39m\n        \u001b[36m>\u001b[39m\n          \u001b[0mTotal Credit\u001b[0m\n        \u001b[36m</p>\u001b[39m\n        \u001b[36m<p\u001b[39m\n          \u001b[33mclass\u001b[39m=\u001b[32m\"text-2xl font-bold tabular-nums text-neutral-900\"\u001b[39m\n        \u001b[36m>\u001b[39m\n          \u001b[0mRs 0.00\u001b[0m\n        \u001b[36m</p>\u001b[39m\n      \u001b[36m</div>\u001b[39m\n      \u001b[36m<div\u001b[39m\n        \u001b[33mclass\u001b[39m=\u001b[32m\"p-4 rounded-md bg-white border border-neutral-200\"\u001b[39m\n      \u001b[36m>\u001b[39m\n        \u001b[36m<p\u001b[39m\n          \u001b[33mclass\u001b[39m=\u001b[32m\"text-xs font-medium text-neutral-500\"\u001b[39m\n        \u001b[36m>\u001b[39m\n          \u001b[0mNet Balance\u001b[0m\n        \u001b[36m</p>\u001b[39m\n        \u001b[36m<p\u001b[39m\n          \u001b[33mclass\u001b[39m=\u001b[32m\"text-2xl font-bold tabular-nums text-green-600\"\u001b[39m\n        \u001b[36m>\u001b[39m\n          \u001b[0mRs 0.00\u001b[0m\n        \u001b[36m</p>\u001b[39m\n        \u001b[36m<div\u001b[39m\n          \u001b[33mclass\u001b[39m=\u001b[32m\"mt-2 text-xs text-neutral-500\"\u001b[39m\n        \u001b[36m>\u001b[39m\n          \u001b[0m↑ Profit\u001b[0m\n        \u001b[36m</div>\u001b[39m\n      \u001b[36m</div>\u001b[39m\n    \u001b[36m</div>\u001b[39m\n    \u001b[36m<div\u001b[39m\n      \u001b[33mclass\u001b[39m=\u001b[32m\"mt-4 bg-white rounded-lg shadow-sm border border-neutral-200 overflow-hidden max-h-[70vh]\"\u001b[39m\n    \u001b[36m>\u001b[39m\n      \u001b[36m<div\u001b[39m\n        \u001b[33mclass\u001b[39m=\u001b[32m\"sticky top-0 z-10 flex items-center gap-4 px-4 py-3 bg-neutral-50 border-b border-neutral-200 text-xs font-semibold text-neutral-500 uppercase tracking-wider\"\u001b[39m\n      \u001b[36m>\u001b[39m\n        \u001b[36m<div\u001b[39m\n          \u001b[33mclass\u001b[39m=\u001b[32m\"w-8 shrink-0 flex justify-center\"\u001b[39m\n        \u001b[36m>\u001b[39m\n          \u001b[36m<input\u001b[39m\n            \u001b[33maria-label\u001b[39m=\u001b[32m\"Select all\"\u001b[39m\n            \u001b[33mclass\u001b[39m=\u001b[32m\"size-5 rounded border-neutral-300 accent-neutral-900 cursor-pointer\"\u001b[39m\n            \u001b[33mtype\u001b[39m=\u001b[32m\"checkbox\"\u001b[39m\n          \u001b[36m/>\u001b[39m\n        \u001b[36m</div>\u001b[39m\n        \u001b[36m<div\u001b[39m\n          \u001b[33mclass\u001b[39m=\u001b[32m\"w-12 shrink-0 text-center\"\u001b[39m\n        \u001b[36m>\u001b[39m\n          \u001b[0mS. NO\u001b[0m\n        \u001b[36m</div>\u001b[39m\n        \u001b[36m<div\u001b[39m\n          \u001b[33mclass\u001b[39m=\u001b[32m\"flex-1 min-w-[350px]\"\u001b[39m\n        \u001b[36m>\u001b[39m\n          \u001b[0mCustomer Name\u001b[0m\n        \u001b[36m</div>\u001b[39m\n        \u001b[36m<div\u001b[39m\n          \u001b[33mclass\u001b[39m=\u001b[32m\"w-28 shrink-0 text-center\"\u001b[39m\n        \u001b[36m>\u001b[39m\n          \u001b[0mTotal Debit\u001b[0m\n        \u001b[36m</div>\u001b[39m\n        \u001b[36m<div\u001b[39m\n          \u001b[33mclass\u001b[39m=\u001b[32m\"w-28 shrink-0 text-center\"\u001b[39m\n        \u001b[36m>\u001b[39m\n          \u001b[0mTotal Credit\u001b[0m\n        \u001b[36m</div>\u001b[39m\n        \u001b[36m<div\u001b[39m\n          \u001b[33mclass\u001b[39m=\u001b[32m\"w-32 shrink-0 text-center\"\u001b[39m\n        \u001b[36m>\u001b[39m\n          \u001b[0mAccount Balance\u001b[0m\n        \u001b[36m</div>\u001b[39m\n        \u001b[36m<div\u001b[39m\n          \u001b[33mclass\u001b[39m=\u001b[32m\"w-20 shrink-0 text-center\"\u001b[39m\n        \u001b[36m>\u001b[39m\n          \u001b[0mDR/CR\u001b[0m\n        \u001b[36m</div>\u001b[39m\n        \u001b[36m<div\u001b[39m\n          \u001b[33maria-hidden\u001b[39m=\u001b[32m\"true\"\u001b[39m\n          \u001b[33mclass\u001b[39m=\u001b[32m\"w-6 shrink-0\"\u001b[39m\n        \u001b[36m/>\u001b[39m\n      \u001b[36m</div>\u001b[39m\n      \u001b[36m<div\u001b[39m\n        \u001b[33mclass\u001b[39m=\u001b[32m\"group border-b border-neutral-100 last:border-0\"\u001b[39m\n      \u001b[36m>\u001b[39m\n        \u001b[36m<div\u001b[39m\n          \u001b[33mclass\u001b[39m=\u001b[32m\"flex items-center gap-4 px-4 py-3 transition-colors cursor-pointer hover:bg-neutral-50\"\u001b[39m\n        \u001b[36m>\u001b[39m\n          \u001b[36m<div\u001b[39m\n            \u001b[33mclass\u001b[39m=\u001b[32m\"w-8 shrink-0 flex justify-center\"\u001b[39m\n          \u001b[36m>\u001b[39m\n            \u001b[36m<input\u001b[39m\n              \u001b[33mclass\u001b[39m=\u001b[32m\"size-5 rounded border-neutral-300 accent-neutral-900 cursor-pointer\"\u001b[39m\n              \u001b[33mtitle\u001b[39m=\u001b[32m\"Select row\"\u001b[39m\n              \u001b[33mtype\u001b[39m=\u001b[32m\"checkbox\"\u001b[39m\n            \u001b[36m/>\u001b[39m\n          \u001b[36m</div>\u001b[39m\n          \u001b[36m<div\u001b[39m\n            \u001b[33mclass\u001b[39m=\u001b[32m\"w-12 shrink-0 text-center font-mono text-sm text-neutral-600\"\u001b[39m\n          \u001b[36m>\u001b[39m\n            \u001b[0m1\u001b[0m\n          \u001b[36m</div>\u001b[39m\n          \u001b[36m<div\u001b[39m\n            \u001b[33mclass\u001b[39m=\u001b[32m\"flex-1 min-w-[350px] text-neutral-900 font-medium truncate\"\u001b[39m\n          \u001b[36m/>\u001b[39m\n          \u001b[36m<div\u001b[39m\n            \u001b[33mclass\u001b[39m=\u001b[32m\"w-28 shrink-0 text-center tabular-nums text-sm text-neutral-600\"\u001b[39m\n          \u001b[36m>\u001b[39m\n            \u001b[0m0.00\u001b[0m\n          \u001b[36m</div>\u001b[39m\n          \u001b[36m<div\u001b[39m\n            \u001b[33mclass\u001b[39m=\u001b[32m\"w-28 shrink-0 text-center tabular-nums text-sm text-neutral-600\"\u001b[39m\n          \u001b[36m>\u001b[39m\n            \u001b[0m0.00\u001b[0m\n          \u001b[36m</div>\u001b[39m\n          \u001b[36m<div\u001b[39m\n            \u001b[33mclass\u001b[39m=\u001b[32m\"w-32 shrink-0 text-center tabular-nums font-semibold text-sm\"\u001b[39m\n          \u001b[36m>\u001b[39m\n            \u001b[0m0.00\u001b[0m\n          \u001b[36m</div>\u001b[39m\n          \u001b[36m<div\u001b[39m\n            \u001b[33mclass\u001b[39m=\u001b[32m\"w-20 shrink-0 text-center text-xs font-medium text-neutral-500\"\u001b[39m\n          \u001b[36m>\u001b[39m\n            \u001b[0mCR\u001b[0m\n          \u001b[36m</div>\u001b[39m\n          \u001b[36m<div\u001b[39m\n            \u001b[33mclass\u001b[39m=\u001b[32m\"w-6 shrink-0 flex justify-end\"\u001b[39m\n          \u001b[36m>\u001b[39m\n            \u001b[36m<svg\u001b[39m\n              \u001b[33mclass\u001b[39m=\u001b[32m\"size-4 text-neutral-400 transition-transform \"\u001b[39m\n              \u001b[33mfill\u001b[39m=\u001b[32m\"none\"\u001b[39m\n              \u001b[33mstroke\u001b[39m=\u001b[32m\"currentColor\"\u001b[39m\n              \u001b[33mviewBox\u001b[39m=\u001b[32m\"0 0 24 24\"\u001b[39m\n            \u001b[36m>\u001b[39m\n              \u001b[36m<path\u001b[39m\n                \u001b[33md\u001b[39m=\u001b[32m\"M19 9l-7 7-7-7\"\u001b[39m\n                \u001b[33mstroke-linecap\u001b[39m=\u001b[32m\"round\"\u001b[39m\n                \u001b[33mstroke-linejoin\u001b[39m=\u001b[32m\"round\"\u001b[39m\n                \u001b[33mstroke-width\u001b[39m=\u001b[32m\"2\"\u001b[39m\n              \u001b[36m/>\u001b[39m\n            \u001b[36m</svg>\u001b[39m\n          \u001b[36m</div>\u001b[39m\n        \u001b[36m</div>\u001b[39m\n      \u001b[36m</div>\u001b[39m\n      \u001b[36m<div\u001b[39m\n        \u001b[33mclass\u001b[39m=\u001b[32m\"group border-b border-neutral-100 last:border-0\"\u001b[39m\n      \u001b[36m>\u001b[39m\n        \u001b[36m<div\u001b[39m\n          \u001b[33mclass\u001b[39m=\u001b[32m\"flex items-center gap-4 px-4 py-3 transition-colors cursor-pointer hover:bg-neutral-50\"\u001b[39m\n        \u001b[36m>\u001b[39m\n          \u001b[36m<div\u001b[39m\n            \u001b[33mclass\u001b[39m=\u001b[32m\"w-8 shrink-0 flex justify-center\"\u001b[39m\n          \u001b[36m>\u001b[39m\n            \u001b[36m<input\u001b[39m\n              \u001b[33mclass\u001b[39m=\u001b[32m\"size-5 rounded border-neutral-300 accent-neutral-900 cursor-pointer\"\u001b[39m\n              \u001b[33mtitle\u001b[39m=\u001b[32m\"Select row\"\u001b[39m\n              \u001b[33mtype\u001b[39m=\u001b[32m\"checkbox\"\u001b[39m\n            \u001b[36m/>\u001b[39m\n          \u001b[36m</div>\u001b[39m\n          \u001b[36m<div\u001b[39m\n            \u001b[33mclass\u001b[39m=\u001b[32m\"w-12 shrink-0 text-center font-mono text-sm text-neutral-600\"\u001b[39m\n          \u001b[36m>\u001b[39m\n            \u001b[0m2\u001b[0m\n          \u001b[36m</div>\u001b[39m\n          \u001b[36m<div\u001b[39m\n            \u001b[33mclass\u001b[39m=\u001b[32m\"flex-1 min-w-[350px] text-neutral-900 font-medium truncate\"\u001b[39m\n          \u001b[36m/>\u001b[39m\n          \u001b[36m<div\u001b[39m\n            \u001b[33mclass\u001b[39m=\u001b[32m\"w-28 shrink-0 text-center tabular-nums text-sm text-neutral-600\"\u001b[39m\n          \u001b[36m>\u001b[39m\n            \u001b[0m0.00\u001b[0m\n          \u001b[36m</div>\u001b[39m\n          \u001b[36m<div\u001b[39m\n            \u001b[33mclass\u001b[39m=\u001b[32m\"w-28 shrink-0 text-center tabular-nums text-sm text-neutral-600\"\u001b[39m\n          \u001b[36m>\u001b[39m\n            \u001b[0m0.00\u001b[0m\n          \u001b[36m</div>\u001b[39m\n          \u001b[36m<div\u001b[39m\n            \u001b[33mclass\u001b[39m=\u001b[32m\"w-32 shrink-0 text-center tabular-nums font-semibold text-sm\"\u001b[39m\n          \u001b[36m>\u001b[39m\n            \u001b[0m0.00\u001b[0m\n          \u001b[36m</div>\u001b[39m\n          \u001b[36m<div\u001b[39m\n            \u001b[33mclass\u001b[39m=\u001b[32m\"w-20 shrink-0 text-center text-xs font-medium text-neutral-500\"\u001b[39m\n          \u001b[36m>\u001b[39m\n            \u001b[0mCR\u001b[0m\n          \u001b[36m</div>\u001b[39m\n          \u001b[36m<div\u001b[39m\n            \u001b[33mclass\u001b[39m=\u001b[32m\"w-6 shrink-0 flex justify-end\"\u001b[39m\n          \u001b[36m>\u001b[39m\n            \u001b[36m<svg\u001b[39m\n              \u001b[33mclass\u001b[39m=\u001b[32m\"size-4 text-neutral-400 transition-transform \"\u001b[39m\n              \u001b[33mfill\u001b[39m=\u001b[32m\"none\"\u001b[39m\n              \u001b[33mstroke\u001b[39m=\u001b[32m\"currentColor\"\u001b[39m\n              \u001b[33mviewBox\u001b[39m=\u001b[32m\"0 0 24 24\"\u001b[39m\n            \u001b[36m>\u001b[39m\n              \u001b[36m<path\u001b[39m\n                \u001b[33md\u001b[39m=\u001b[32m\"M19 9l-7 7-7-7\"\u001b[39m\n                \u001b[33mstroke-linecap\u001b[39m=\u001b[32m\"round\"\u001b[39m\n                \u001b[33mstroke-linejoin\u001b[39m=\u001b[32m\"round\"\u001b[39m\n                \u001b[33mstroke-width\u001b[39m=\u001b[32m\"2\"\u001b[39m\n              \u001b[36m/>\u001b[39m\n            \u001b[36m</svg>\u001b[39m\n          \u001b[36m</div>\u001b[39m\n        \u001b[36m</div>\u001b[39m\n      \u001b[36m</div>\u001b[39m\n    \u001b[36m</div>\u001b[39m\n  \u001b[36m</div>\u001b[39m\n\u001b[36m</body>\u001b[39m\n    at Proxy.waitForWrapper (D:\\New - Dev Space\\Electron\\legerly\\node_modules\\@testing-library\\dom\\dist\\wait-for.js:163:27)\n    at D:\\New - Dev Space\\Electron\\legerly\\src\\tests\\Ledger.test.tsx:95:11\n    at file:///D:/New%20-%20Dev%20Space/Electron/legerly/node_modules/@vitest/runner/dist/chunk-hooks.js:155:11\n    at file:///D:/New%20-%20Dev%20Space/Electron/legerly/node_modules/@vitest/runner/dist/chunk-hooks.js:752:26\n    at file:///D:/New%20-%20Dev%20Space/Electron/legerly/node_modules/@vitest/runner/dist/chunk-hooks.js:1897:20\n    at new Promise (<anonymous>)\n    at runWithTimeout (file:///D:/New%20-%20Dev%20Space/Electron/legerly/node_modules/@vitest/runner/dist/chunk-hooks.js:1863:10)\n    at runTest (file:///D:/New%20-%20Dev%20Space/Electron/legerly/node_modules/@vitest/runner/dist/chunk-hooks.js:1574:12)\n    at runSuite (file:///D:/New%20-%20Dev%20Space/Electron/legerly/node_modules/@vitest/runner/dist/chunk-hooks.js:1729:8)\n    at runSuite (file:///D:/New%20-%20Dev%20Space/Electron/legerly/node_modules/@vitest/runner/dist/chunk-hooks.js:1729:8)"],"meta":{}},{"ancestorTitles":["Ledger Page"],"fullName":"Ledger Page calls delete API with correct ID when confirmed","status":"failed","title":"calls delete API with correct ID when confirmed","duration":1023.0428000000002,"failureMessages":["Error: Unable to find an element with the text: Mistake Entry. This could be because the text is broken up by multiple elements. In this case, you can provide a function for your text matcher to make your matcher more flexible.\n\nIgnored nodes: comments, script, style\n\u001b[36m<body>\u001b[39m\n  \u001b[36m<div>\u001b[39m\n    \u001b[36m<div\u001b[39m\n      \u001b[33mclass\u001b[39m=\u001b[32m\"flex flex-col sm:flex-row sm:items-center justify-between gap-4 mb-4\"\u001b[39m\n    \u001b[36m>\u001b[39m\n      \u001b[36m<div\u001b[39m\n        \u001b[33mclass\u001b[39m=\u001b[32m\"mb-6 w-full\"\u001b[39m\n      \u001b[36m>\u001b[39m\n        \u001b[36m<div\u001b[39m\n          \u001b[33mclass\u001b[39m=\u001b[32m\"flex w-full items-center rounded-lg bg-white px-4 py-3 border border-neutral-200 shadow-sm\"\u001b[39m\n        \u001b[36m>\u001b[39m\n          \u001b[36m<div\u001b[39m\n            \u001b[33mclass\u001b[39m=\u001b[32m\"flex-1 min-w-0 text-left\"\u001b[39m\n          \u001b[36m>\u001b[39m\n            \u001b[36m<h1\u001b[39m\n              \u001b[33mclass\u001b[39m=\u001b[32m\"text-xl font-semibold text-neutral-900 leading-tight truncate\"\u001b[39m\n            \u001b[36m>\u001b[39m\n              \u001b[0mLedgers\u001b[0m\n            \u001b[36m</h1>\u001b[39m\n          \u001b[36m</div>\u001b[39m\n          \u001b[36m<div\u001b[39m\n            \u001b[33mclass\u001b[39m=\u001b[32m\"flex items-center gap-2 justify-end\"\u001b[39m\n          \u001b[36m>\u001b[39m\n            \u001b[36m<div\u001b[39m\n              \u001b[33mclass\u001b[39m=\u001b[32m\"flex items-center gap-2\"\u001b[39m\n            \u001b[36m>\u001b[39m\n              \u001b[36m<button\u001b[39m\n                \u001b[33mclass\u001b[39m=\u001b[32m\"inline-flex items-center gap-2 h-9 px-3 rounded-md bg-neutral-900 text-white hover:bg-neutral-800\"\u001b[39m\n              \u001b[36m>\u001b[39m\n                \u001b[36m<svg\u001b[39m\n                  \u001b[33mclass\u001b[39m=\u001b[32m\"size-4\"\u001b[39m\n                  \u001b[33mfill\u001b[39m=\u001b[32m\"none\"\u001b[39m\n                  \u001b[33mheight\u001b[39m=\u001b[32m\"1em\"\u001b[39m\n                  \u001b[33mstroke\u001b[39m=\u001b[32m\"currentColor\"\u001b[39m\n                  \u001b[33mstroke-linecap\u001b[39m=\u001b[32m\"round\"\u001b[39m\n                  \u001b[33mstroke-linejoin\u001b[39m=\u001b[32m\"round\"\u001b[39m\n                  \u001b[33mstroke-width\u001b[39m=\u001b[32m\"2\"\u001b[39m\n                  \u001b[33mviewBox\u001b[39m=\u001b[32m\"0 0 24 24\"\u001b[39m\n                  \u001b[33mwidth\u001b[39m=\u001b[32m\"1em\"\u001b[39m\n                  \u001b[33mxmlns\u001b[39m=\u001b[32m\"http://www.w3.org/2000/svg\"\u001b[39m\n                \u001b[36m>\u001b[39m\n                  \u001b[36m<line\u001b[39m\n                    \u001b[33mx1\u001b[39m=\u001b[32m\"12\"\u001b[39m\n                    \u001b[33mx2\u001b[39m=\u001b[32m\"12\"\u001b[39m\n                    \u001b[33my1\u001b[39m=\u001b[32m\"5\"\u001b[39m\n                    \u001b[33my2\u001b[39m=\u001b[32m\"19\"\u001b[39m\n                  \u001b[36m/>\u001b[39m\n                  \u001b[36m<line\u001b[39m\n                    \u001b[33mx1\u001b[39m=\u001b[32m\"5\"\u001b[39m\n                    \u001b[33mx2\u001b[39m=\u001b[32m\"19\"\u001b[39m\n                    \u001b[33my1\u001b[39m=\u001b[32m\"12\"\u001b[39m\n                    \u001b[33my2\u001b[39m=\u001b[32m\"12\"\u001b[39m\n                  \u001b[36m/>\u001b[39m\n                \u001b[36m</svg>\u001b[39m\n                \u001b[36m<span>\u001b[39m\n                  \u001b[0mNew Ledger\u001b[0m\n                \u001b[36m</span>\u001b[39m\n              \u001b[36m</button>\u001b[39m\n            \u001b[36m</div>\u001b[39m\n          \u001b[36m</div>\u001b[39m\n        \u001b[36m</div>\u001b[39m\n      \u001b[36m</div>\u001b[39m\n    \u001b[36m</div>\u001b[39m\n    \u001b[36m<div\u001b[39m\n      \u001b[33mclass\u001b[39m=\u001b[32m\"mt-4 grid grid-cols-1 sm:grid-cols-3 gap-3\"\u001b[39m\n    \u001b[36m>\u001b[39m\n      \u001b[36m<div\u001b[39m\n        \u001b[33mclass\u001b[39m=\u001b[32m\"p-4 rounded-md bg-white border border-neutral-200\"\u001b[39m\n      \u001b[36m>\u001b[39m\n        \u001b[36m<p\u001b[39m\n          \u001b[33mclass\u001b[39m=\u001b[32m\"text-xs font-medium text-neutral-500\"\u001b[39m\n        \u001b[36m>\u001b[39m\n          \u001b[0mTotal Debit\u001b[0m\n        \u001b[36m</p>\u001b[39m\n        \u001b[36m<p\u001b[39m\n          \u001b[33mclass\u001b[39m=\u001b[32m\"text-2xl font-bold tabular-nums text-neutral-900\"\u001b[39m\n        \u001b[36m>\u001b[39m\n          \u001b[0mRs 0.00\u001b[0m\n        \u001b[36m</p>\u001b[39m\n      \u001b[36m</div>\u001b[39m\n      \u001b[36m<div\u001b[39m\n        \u001b[33mclass\u001b[39m=\u001b[32m\"p-4 rounded-md bg-white border border-neutral-200\"\u001b[39m\n      \u001b[36m>\u001b[39m\n        \u001b[36m<p\u001b[39m\n          \u001b[33mclass\u001b[39m=\u001b[32m\"text-xs font-medium text-neutral-500\"\u001b[39m\n        \u001b[36m>\u001b[39m\n          \u001b[0mTotal Credit\u001b[0m\n        \u001b[36m</p>\u001b[39m\n        \u001b[36m<p\u001b[39m\n          \u001b[33mclass\u001b[39m=\u001b[32m\"text-2xl font-bold tabular-nums text-neutral-900\"\u001b[39m\n        \u001b[36m>\u001b[39m\n          \u001b[0mRs 0.00\u001b[0m\n        \u001b[36m</p>\u001b[39m\n      \u001b[36m</div>\u001b[39m\n      \u001b[36m<div\u001b[39m\n        \u001b[33mclass\u001b[39m=\u001b[32m\"p-4 rounded-md bg-white border border-neutral-200\"\u001b[39m\n      \u001b[36m>\u001b[39m\n        \u001b[36m<p\u001b[39m\n          \u001b[33mclass\u001b[39m=\u001b[32m\"text-xs font-medium text-neutral-500\"\u001b[39m\n        \u001b[36m>\u001b[39m\n          \u001b[0mNet Balance\u001b[0m\n        \u001b[36m</p>\u001b[39m\n        \u001b[36m<p\u001b[39m\n          \u001b[33mclass\u001b[39m=\u001b[32m\"text-2xl font-bold tabular-nums text-green-600\"\u001b[39m\n        \u001b[36m>\u001b[39m\n          \u001b[0mRs 0.00\u001b[0m\n        \u001b[36m</p>\u001b[39m\n        \u001b[36m<div\u001b[39m\n          \u001b[33mclass\u001b[39m=\u001b[32m\"mt-2 text-xs text-neutral-500\"\u001b[39m\n        \u001b[36m>\u001b[39m\n          \u001b[0m↑ Profit\u001b[0m\n        \u001b[36m</div>\u001b[39m\n      \u001b[36m</div>\u001b[39m\n    \u001b[36m</div>\u001b[39m\n    \u001b[36m<div\u001b[39m\n      \u001b[33mclass\u001b[39m=\u001b[32m\"mt-4 bg-white rounded-lg shadow-sm border border-neutral-200 overflow-hidden max-h-[70vh]\"\u001b[39m\n    \u001b[36m>\u001b[39m\n      \u001b[36m<div\u001b[39m\n        \u001b[33mclass\u001b[39m=\u001b[32m\"sticky top-0 z-10 flex items-center gap-4 px-4 py-3 bg-neutral-50 border-b border-neutral-200 text-xs font-semibold text-neutral-500 uppercase tracking-wider\"\u001b[39m\n      \u001b[36m>\u001b[39m\n        \u001b[36m<div\u001b[39m\n          \u001b[33mclass\u001b[39m=\u001b[32m\"w-8 shrink-0 flex justify-center\"\u001b[39m\n        \u001b[36m>\u001b[39m\n          \u001b[36m<input\u001b[39m\n            \u001b[33maria-label\u001b[39m=\u001b[32m\"Select all\"\u001b[39m\n            \u001b[33mclass\u001b[39m=\u001b[32m\"size-5 rounded border-neutral-300 accent-neutral-900 cursor-pointer\"\u001b[39m\n            \u001b[33mtype\u001b[39m=\u001b[32m\"checkbox\"\u001b[39m\n          \u001b[36m/>\u001b[39m\n        \u001b[36m</div>\u001b[39m\n        \u001b[36m<div\u001b[39m\n          \u001b[33mclass\u001b[39m=\u001b[32m\"w-12 shrink-0 text-center\"\u001b[39m\n        \u001b[36m>\u001b[39m\n          \u001b[0mS. NO\u001b[0m\n        \u001b[36m</div>\u001b[39m\n        \u001b[36m<div\u001b[39m\n          \u001b[33mclass\u001b[39m=\u001b[32m\"flex-1 min-w-[350px]\"\u001b[39m\n        \u001b[36m>\u001b[39m\n          \u001b[0mCustomer Name\u001b[0m\n        \u001b[36m</div>\u001b[39m\n        \u001b[36m<div\u001b[39m\n          \u001b[33mclass\u001b[39m=\u001b[32m\"w-28 shrink-0 text-center\"\u001b[39m\n        \u001b[36m>\u001b[39m\n          \u001b[0mTotal Debit\u001b[0m\n        \u001b[36m</div>\u001b[39m\n        \u001b[36m<div\u001b[39m\n          \u001b[33mclass\u001b[39m=\u001b[32m\"w-28 shrink-0 text-center\"\u001b[39m\n        \u001b[36m>\u001b[39m\n          \u001b[0mTotal Credit\u001b[0m\n        \u001b[36m</div>\u001b[39m\n        \u001b[36m<div\u001b[39m\n          \u001b[33mclass\u001b[39m=\u001b[32m\"w-32 shrink-0 text-center\"\u001b[39m\n        \u001b[36m>\u001b[39m\n          \u001b[0mAccount Balance\u001b[0m\n        \u001b[36m</div>\u001b[39m\n        \u001b[36m<div\u001b[39m\n          \u001b[33mclass\u001b[39m=\u001b[32m\"w-20 shrink-0 text-center\"\u001b[39m\n        \u001b[36m>\u001b[39m\n          \u001b[0mDR/CR\u001b[0m\n        \u001b[36m</div>\u001b[39m\n        \u001b[36m<div\u001b[39m\n          \u001b[33maria-hidden\u001b[39m=\u001b[32m\"true\"\u001b[39m\n          \u001b[33mclass\u001b[39m=\u001b[32m\"w-6 shrink-0\"\u001b[39m\n        \u001b[36m/>\u001b[39m\n      \u001b[36m</div>\u001b[39m\n      \u001b[36m<div\u001b[39m\n        \u001b[33mclass\u001b[39m=\u001b[32m\"group border-b border-neutral-100 last:border-0\"\u001b[39m\n      \u001b[36m>\u001b[39m\n        \u001b[36m<div\u001b[39m\n          \u001b[33mclass\u001b[39m=\u001b[32m\"flex items-center gap-4 px-4 py-3 transition-colors cursor-pointer hover:bg-neutral-50\"\u001b[39m\n        \u001b[36m>\u001b[39m\n          \u001b[36m<div\u001b[39m\n            \u001b[33mclass\u001b[39m=\u001b[32m\"w-8 shrink-0 flex justify-center\"\u001b[39m\n          \u001b[36m>\u001b[39m\n            \u001b[36m<input\u001b[39m\n              \u001b[33mclass\u001b[39m=\u001b[32m\"size-5 rounded border-neutral-300 accent-neutral-900 cursor-pointer\"\u001b[39m\n              \u001b[33mtitle\u001b[39m=\u001b[32m\"Select row\"\u001b[39m\n              \u001b[33mtype\u001b[39m=\u001b[32m\"checkbox\"\u001b[39m\n            \u001b[36m/>\u001b[39m\n          \u001b[36m</div>\u001b[39m\n          \u001b[36m<div\u001b[39m\n            \u001b[33mclass\u001b[39m=\u001b[32m\"w-12 shrink-0 text-center font-mono text-sm text-neutral-600\"\u001b[39m\n          \u001b[36m>\u001b[39m\n            \u001b[0m1\u001b[0m\n          \u001b[36m</div>\u001b[39m\n          \u001b[36m<div\u001b[39m\n            \u001b[33mclass\u001b[39m=\u001b[32m\"flex-1 min-w-[350px] text-neutral-900 font-medium truncate\"\u001b[39m\n          \u001b[36m/>\u001b[39m\n          \u001b[36m<div\u001b[39m\n            \u001b[33mclass\u001b[39m=\u001b[32m\"w-28 shrink-0 text-center tabular-nums text-sm text-neutral-600\"\u001b[39m\n          \u001b[36m>\u001b[39m\n            \u001b[0m0.00\u001b[0m\n          \u001b[36m</div>\u001b[39m\n          \u001b[36m<div\u001b[39m\n            \u001b[33mclass\u001b[39m=\u001b[32m\"w-28 shrink-0 text-center tabular-nums text-sm text-neutral-600\"\u001b[39m\n          \u001b[36m>\u001b[39m\n            \u001b[0m0.00\u001b[0m\n          \u001b[36m</div>\u001b[39m\n          \u001b[36m<div\u001b[39m\n            \u001b[33mclass\u001b[39m=\u001b[32m\"w-32 shrink-0 text-center tabular-nums font-semibold text-sm\"\u001b[39m\n          \u001b[36m>\u001b[39m\n            \u001b[0m0.00\u001b[0m\n          \u001b[36m</div>\u001b[39m\n          \u001b[36m<div\u001b[39m\n            \u001b[33mclass\u001b[39m=\u001b[32m\"w-20 shrink-0 text-center text-xs font-medium text-neutral-500\"\u001b[39m\n          \u001b[36m>\u001b[39m\n            \u001b[0mCR\u001b[0m\n          \u001b[36m</div>\u001b[39m\n          \u001b[36m<div\u001b[39m\n            \u001b[33mclass\u001b[39m=\u001b[32m\"w-6 shrink-0 flex justify-end\"\u001b[39m\n          \u001b[36m>\u001b[39m\n            \u001b[36m<svg\u001b[39m\n              \u001b[33mclass\u001b[39m=\u001b[32m\"size-4 text-neutral-400 transition-transform \"\u001b[39m\n              \u001b[33mfill\u001b[39m=\u001b[32m\"none\"\u001b[39m\n              \u001b[33mstroke\u001b[39m=\u001b[32m\"currentColor\"\u001b[39m\n              \u001b[33mviewBox\u001b[39m=\u001b[32m\"0 0 24 24\"\u001b[39m\n            \u001b[36m>\u001b[39m\n              \u001b[36m<path\u001b[39m\n                \u001b[33md\u001b[39m=\u001b[32m\"M19 9l-7 7-7-7\"\u001b[39m\n                \u001b[33mstroke-linecap\u001b[39m=\u001b[32m\"round\"\u001b[39m\n                \u001b[33mstroke-linejoin\u001b[39m=\u001b[32m\"round\"\u001b[39m\n                \u001b[33mstroke-width\u001b[39m=\u001b[32m\"2\"\u001b[39m\n              \u001b[36m/>\u001b[39m\n            \u001b[36m</svg>\u001b[39m\n          \u001b[36m</div>\u001b[39m\n        \u001b[36m</div>\u001b[39m\n      \u001b[36m</div>\u001b[39m\n    \u001b[36m</div>\u001b[39m\n  \u001b[36m</div>\u001b[39m\n\u001b[36m</body>\u001b[39m\n    at Proxy.waitForWrapper (D:\\New - Dev Space\\Electron\\legerly\\node_modules\\@testing-library\\dom\\dist\\wait-for.js:163:27)\n    at D:\\New - Dev Space\\Electron\\legerly\\src\\tests\\Ledger.test.tsx:121:11\n    at file:///D:/New%20-%20Dev%20Space/Electron/legerly/node_modules/@vitest/runner/dist/chunk-hooks.js:155:11\n    at file:///D:/New%20-%20Dev%20Space/Electron/legerly/node_modules/@vitest/runner/dist/chunk-hooks.js:752:26\n    at file:///D:/New%20-%20Dev%20Space/Electron/legerly/node_modules/@vitest/runner/dist/chunk-hooks.js:1897:20\n    at new Promise (<anonymous>)\n    at runWithTimeout (file:///D:/New%20-%20Dev%20Space/Electron/legerly/node_modules/@vitest/runner/dist/chunk-hooks.js:1863:10)\n    at runTest (file:///D:/New%20-%20Dev%20Space/Electron/legerly/node_modules/@vitest/runner/dist/chunk-hooks.js:1574:12)\n    at runSuite (file:///D:/New%20-%20Dev%20Space/Electron/legerly/node_modules/@vitest/runner/dist/chunk-hooks.js:1729:8)\n    at runSuite (file:///D:/New%20-%20Dev%20Space/Electron/legerly/node_modules/@vitest/runner/dist/chunk-hooks.js:1729:8)"],"meta":{}},{"ancestorTitles":["Ledger Page"],"fullName":"Ledger Page handles \"Select All\" functionality","status":"failed","title":"handles \"Select All\" functionality","duration":1027.8237,"failureMessages":["Error: Unable to find an element with the text: A. This could be because the text is broken up by multiple elements. In this case, you can provide a function for your text matcher to make your matcher more flexible.\n\nIgnored nodes: comments, script, style\n\u001b[36m<body>\u001b[39m\n  \u001b[36m<div>\u001b[39m\n    \u001b[36m<div\u001b[39m\n      \u001b[33mclass\u001b[39m=\u001b[32m\"flex flex-col sm:flex-row sm:items-center justify-between gap-4 mb-4\"\u001b[39m\n    \u001b[36m>\u001b[39m\n      \u001b[36m<div\u001b[39m\n        \u001b[33mclass\u001b[39m=\u001b[32m\"mb-6 w-full\"\u001b[39m\n      \u001b[36m>\u001b[39m\n        \u001b[36m<div\u001b[39m\n          \u001b[33mclass\u001b[39m=\u001b[32m\"flex w-full items-center rounded-lg bg-white px-4 py-3 border border-neutral-200 shadow-sm\"\u001b[39m\n        \u001b[36m>\u001b[39m\n          \u001b[36m<div\u001b[39m\n            \u001b[33mclass\u001b[39m=\u001b[32m\"flex-1 min-w-0 text-left\"\u001b[39m\n          \u001b[36m>\u001b[39m\n            \u001b[36m<h1\u001b[39m\n              \u001b[33mclass\u001b[39m=\u001b[32m\"text-xl font-semibold text-neutral-900 leading-tight truncate\"\u001b[39m\n            \u001b[36m>\u001b[39m\n              \u001b[0mLedgers\u001b[0m\n            \u001b[36m</h1>\u001b[39m\n          \u001b[36m</div>\u001b[39m\n          \u001b[36m<div\u001b[39m\n            \u001b[33mclass\u001b[39m=\u001b[32m\"flex items-center gap-2 justify-end\"\u001b[39m\n          \u001b[36m>\u001b[39m\n            \u001b[36m<div\u001b[39m\n              \u001b[33mclass\u001b[39m=\u001b[32m\"flex items-center gap-2\"\u001b[39m\n            \u001b[36m>\u001b[39m\n              \u001b[36m<button\u001b[39m\n                \u001b[33mclass\u001b[39m=\u001b[32m\"inline-flex items-center gap-2 h-9 px-3 rounded-md bg-neutral-900 text-white hover:bg-neutral-800\"\u001b[39m\n              \u001b[36m>\u001b[39m\n                \u001b[36m<svg\u001b[39m\n                  \u001b[33mclass\u001b[39m=\u001b[32m\"size-4\"\u001b[39m\n                  \u001b[33mfill\u001b[39m=\u001b[32m\"none\"\u001b[39m\n                  \u001b[33mheight\u001b[39m=\u001b[32m\"1em\"\u001b[39m\n                  \u001b[33mstroke\u001b[39m=\u001b[32m\"currentColor\"\u001b[39m\n                  \u001b[33mstroke-linecap\u001b[39m=\u001b[32m\"round\"\u001b[39m\n                  \u001b[33mstroke-linejoin\u001b[39m=\u001b[32m\"round\"\u001b[39m\n                  \u001b[33mstroke-width\u001b[39m=\u001b[32m\"2\"\u001b[39m\n                  \u001b[33mviewBox\u001b[39m=\u001b[32m\"0 0 24 24\"\u001b[39m\n                  \u001b[33mwidth\u001b[39m=\u001b[32m\"1em\"\u001b[39m\n                  \u001b[33mxmlns\u001b[39m=\u001b[32m\"http://www.w3.org/2000/svg\"\u001b[39m\n                \u001b[36m>\u001b[39m\n                  \u001b[36m<line\u001b[39m\n                    \u001b[33mx1\u001b[39m=\u001b[32m\"12\"\u001b[39m\n                    \u001b[33mx2\u001b[39m=\u001b[32m\"12\"\u001b[39m\n                    \u001b[33my1\u001b[39m=\u001b[32m\"5\"\u001b[39m\n                    \u001b[33my2\u001b[39m=\u001b[32m\"19\"\u001b[39m\n                  \u001b[36m/>\u001b[39m\n                  \u001b[36m<line\u001b[39m\n                    \u001b[33mx1\u001b[39m=\u001b[32m\"5\"\u001b[39m\n                    \u001b[33mx2\u001b[39m=\u001b[32m\"19\"\u001b[39m\n                    \u001b[33my1\u001b[39m=\u001b[32m\"12\"\u001b[39m\n                    \u001b[33my2\u001b[39m=\u001b[32m\"12\"\u001b[39m\n                  \u001b[36m/>\u001b[39m\n                \u001b[36m</svg>\u001b[39m\n                \u001b[36m<span>\u001b[39m\n                  \u001b[0mNew Ledger\u001b[0m\n                \u001b[36m</span>\u001b[39m\n              \u001b[36m</button>\u001b[39m\n            \u001b[36m</div>\u001b[39m\n          \u001b[36m</div>\u001b[39m\n        \u001b[36m</div>\u001b[39m\n      \u001b[36m</div>\u001b[39m\n    \u001b[36m</div>\u001b[39m\n    \u001b[36m<div\u001b[39m\n      \u001b[33mclass\u001b[39m=\u001b[32m\"mt-4 grid grid-cols-1 sm:grid-cols-3 gap-3\"\u001b[39m\n    \u001b[36m>\u001b[39m\n      \u001b[36m<div\u001b[39m\n        \u001b[33mclass\u001b[39m=\u001b[32m\"p-4 rounded-md bg-white border border-neutral-200\"\u001b[39m\n      \u001b[36m>\u001b[39m\n        \u001b[36m<p\u001b[39m\n          \u001b[33mclass\u001b[39m=\u001b[32m\"text-xs font-medium text-neutral-500\"\u001b[39m\n        \u001b[36m>\u001b[39m\n          \u001b[0mTotal Debit\u001b[0m\n        \u001b[36m</p>\u001b[39m\n        \u001b[36m<p\u001b[39m\n          \u001b[33mclass\u001b[39m=\u001b[32m\"text-2xl font-bold tabular-nums text-neutral-900\"\u001b[39m\n        \u001b[36m>\u001b[39m\n          \u001b[0mRs 0.00\u001b[0m\n        \u001b[36m</p>\u001b[39m\n      \u001b[36m</div>\u001b[39m\n      \u001b[36m<div\u001b[39m\n        \u001b[33mclass\u001b[39m=\u001b[32m\"p-4 rounded-md bg-white border border-neutral-200\"\u001b[39m\n      \u001b[36m>\u001b[39m\n        \u001b[36m<p\u001b[39m\n          \u001b[33mclass\u001b[39m=\u001b[32m\"text-xs font-medium text-neutral-500\"\u001b[39m\n        \u001b[36m>\u001b[39m\n          \u001b[0mTotal Credit\u001b[0m\n        \u001b[36m</p>\u001b[39m\n        \u001b[36m<p\u001b[39m\n          \u001b[33mclass\u001b[39m=\u001b[32m\"text-2xl font-bold tabular-nums text-neutral-900\"\u001b[39m\n        \u001b[36m>\u001b[39m\n          \u001b[0mRs 0.00\u001b[0m\n        \u001b[36m</p>\u001b[39m\n      \u001b[36m</div>\u001b[39m\n      \u001b[36m<div\u001b[39m\n        \u001b[33mclass\u001b[39m=\u001b[32m\"p-4 rounded-md bg-white border border-neutral-200\"\u001b[39m\n      \u001b[36m>\u001b[39m\n        \u001b[36m<p\u001b[39m\n          \u001b[33mclass\u001b[39m=\u001b[32m\"text-xs font-medium text-neutral-500\"\u001b[39m\n        \u001b[36m>\u001b[39m\n          \u001b[0mNet Balance\u001b[0m\n        \u001b[36m</p>\u001b[39m\n        \u001b[36m<p\u001b[39m\n          \u001b[33mclass\u001b[39m=\u001b[32m\"text-2xl font-bold tabular-nums text-green-600\"\u001b[39m\n        \u001b[36m>\u001b[39m\n          \u001b[0mRs 0.00\u001b[0m\n        \u001b[36m</p>\u001b[39m\n        \u001b[36m<div\u001b[39m\n          \u001b[33mclass\u001b[39m=\u001b[32m\"mt-2 text-xs text-neutral-500\"\u001b[39m\n        \u001b[36m>\u001b[39m\n          \u001b[0m↑ Profit\u001b[0m\n        \u001b[36m</div>\u001b[39m\n      \u001b[36m</div>\u001b[39m\n    \u001b[36m</div>\u001b[39m\n    \u001b[36m<div\u001b[39m\n      \u001b[33mclass\u001b[39m=\u001b[32m\"mt-4 bg-white rounded-lg shadow-sm border border-neutral-200 overflow-hidden max-h-[70vh]\"\u001b[39m\n    \u001b[36m>\u001b[39m\n      \u001b[36m<div\u001b[39m\n        \u001b[33mclass\u001b[39m=\u001b[32m\"sticky top-0 z-10 flex items-center gap-4 px-4 py-3 bg-neutral-50 border-b border-neutral-200 text-xs font-semibold text-neutral-500 uppercase tracking-wider\"\u001b[39m\n      \u001b[36m>\u001b[39m\n        \u001b[36m<div\u001b[39m\n          \u001b[33mclass\u001b[39m=\u001b[32m\"w-8 shrink-0 flex justify-center\"\u001b[39m\n        \u001b[36m>\u001b[39m\n          \u001b[36m<input\u001b[39m\n            \u001b[33maria-label\u001b[39m=\u001b[32m\"Select all\"\u001b[39m\n            \u001b[33mclass\u001b[39m=\u001b[32m\"size-5 rounded border-neutral-300 accent-neutral-900 cursor-pointer\"\u001b[39m\n            \u001b[33mtype\u001b[39m=\u001b[32m\"checkbox\"\u001b[39m\n          \u001b[36m/>\u001b[39m\n        \u001b[36m</div>\u001b[39m\n        \u001b[36m<div\u001b[39m\n          \u001b[33mclass\u001b[39m=\u001b[32m\"w-12 shrink-0 text-center\"\u001b[39m\n        \u001b[36m>\u001b[39m\n          \u001b[0mS. NO\u001b[0m\n        \u001b[36m</div>\u001b[39m\n        \u001b[36m<div\u001b[39m\n          \u001b[33mclass\u001b[39m=\u001b[32m\"flex-1 min-w-[350px]\"\u001b[39m\n        \u001b[36m>\u001b[39m\n          \u001b[0mCustomer Name\u001b[0m
[...]
     \u001b[33mstroke\u001b[39m=\u001b[32m\"currentColor\"\u001b[39m\n                  \u001b[33mstroke-linecap\u001b[39m=\u001b[32m\"round\"\u001b[39m\n                  \u001b[33mstroke-linejoin\u001b[39m=\u001b[32m\"round\"\u001b[39m\n                  \u001b[33mstroke-width\u001b[39m=\u001b[32m\"2\"\u001b[39m\n                  \u001b[33mviewBox\u001b[39m=\u001b[32m\"0 0 24 24\"\u001b[39m\n                  \u001b[33mwidth\u001b[39m=\u001b[32m\"1em\"\u001b[39m\n                  \u001b[33mxmlns\u001b[39m=\u001b[32m\"http://www.w3.org/2000/svg\"\u001b[39m\n                \u001b[36m>\u001b[39m\n                  \u001b[36m<circle\u001b[39m\n                    \u001b[33mcx\u001b[39m=\u001b[32m\"12\"\u001b[39m\n                    \u001b[33mcy\u001b[39m=\u001b[32m\"12\"\u001b[39m\n                    \u001b[33mr\u001b[39m=\u001b[32m\"10\"\u001b[39m\n                  \u001b[36m/>\u001b[39m\n                  \u001b[36m<polyline\u001b[39m\n                    \u001b[33mpoints\u001b[39m=\u001b[32m\"12 6 12 12 16 14\"\u001b[39m\n                  \u001b[36m/>\u001b[39m\n                \u001b[36m</svg>\u001b[39m\n                \u001b[36m<select\u001b[39m\n                  \u001b[33mclass\u001b[39m=\u001b[32m\"bg-transparent border-none outline-none text-sm py-2 min-w-30\"\u001b[39m\n                \u001b[36m>\u001b[39m\n                  \u001b[36m<option\u001b[39m\n                    \u001b[33mvalue\u001b[39m=\u001b[32m\"current\"\u001b[39m\n                  \u001b[36m>\u001b[39m\n                    \u001b[0mCurrent Stock\u001b[0m\n                  \u001b[36m</option>\u001b[39m\n                \u001b[36m</select>\u001b[39m\n              \u001b[36m</div>\u001b[39m\n              \u001b[36m<button\u001b[39m\n                \u001b[33mclass\u001b[39m=\u001b[32m\"px-3 py-2 rounded-md bg-neutral-100 hover:bg-neutral-200 text-neutral-700 flex items-center gap-2 text-sm font-medium transition-colors\"\u001b[39m\n                \u001b[33mtitle\u001b[39m=\u001b[32m\"Save current stock state\"\u001b[39m\n                \u001b[33mtype\u001b[39m=\u001b[32m\"button\"\u001b[39m\n              \u001b[36m>\u001b[39m\n                \u001b[36m<svg\u001b[39m\n                  \u001b[33mclass\u001b[39m=\u001b[32m\"size-4\"\u001b[39m\n                  \u001b[33mfill\u001b[39m=\u001b[32m\"none\"\u001b[39m\n                  \u001b[33mheight\u001b[39m=\u001b[32m\"1em\"\u001b[39m\n                  \u001b[33mstroke\u001b[39m=\u001b[32m\"currentColor\"\u001b[39m\n                  \u001b[33mstroke-linecap\u001b[39m=\u001b[32m\"round\"\u001b[39m\n                  \u001b[33mstroke-linejoin\u001b[39m=\u001b[32m\"round\"\u001b[39m\n                  \u001b[33mstroke-width\u001b[39m=\u001b[32m\"2\"\u001b[39m\n                  \u001b[33mviewBox\u001b[39m=\u001b[32m\"0 0 24 24\"\u001b[39m\n                  \u001b[33mwidth\u001b[39m=\u001b[32m\"1em\"\u001b[39m\n                  \u001b[33mxmlns\u001b[39m=\u001b[32m\"http://www.w3.org/2000/svg\"\u001b[39m\n                \u001b[36m>\u001b[39m\n                  \u001b[36m<path\u001b[39m\n                    \u001b[33md\u001b[39m=\u001b[32m\"M19 21H5a2 2 0 0 1-2-2V5a2 2 0 0 1 2-2h11l5 5v11a2 2 0 0 1-2 2z\"\u001b[39m\n                  \u001b[36m/>\u001b[39m\n                  \u001b[36m<polyline\u001b[39m\n                    \u001b[33mpoints\u001b[39m=\u001b[32m\"17 21 17 13 7 13 7 21\"\u001b[39m\n                  \u001b[36m/>\u001b[39m\n                  \u001b[36m<polyline\u001b[39m\n                    \u001b[33mpoints\u001b[39m=\u001b[32m\"7 3 7 8 15 8\"\u001b[39m\n                  \u001b[36m/>\u001b[39m\n                \u001b[36m</svg>\u001b[39m\n                \u001b[0mClose Month\u001b[0m\n              \u001b[36m</button>\u001b[39m\n              \u001b[36m<button\u001b[39m\n                \u001b[33mclass\u001b[39m=\u001b[32m\"px-3 py-2 rounded-md flex items-center gap-2 transition-colors bg-neutral-800 text-white hover:bg-neutral-700\"\u001b[39m\n                \u001b[33mtype\u001b[39m=\u001b[32m\"button\"\u001b[39m\n              \u001b[36m>\u001b[39m\n                \u001b[36m<svg\u001b[39m\n                  \u001b[33mfill\u001b[39m=\u001b[32m\"none\"\u001b[39m\n                  \u001b[33mheight\u001b[39m=\u001b[32m\"1em\"\u001b[39m\n                  \u001b[33mstroke\u001b[39m=\u001b[32m\"currentColor\"\u001b[39m\n                  \u001b[33mstroke-linecap\u001b[39m=\u001b[32m\"round\"\u001b[39m\n                  \u001b[33mstroke-linejoin\u001b[39m=\u001b[32m\"round\"\u001b[39m\n                  \u001b[33mstroke-width\u001b[39m=\u001b[32m\"2\"\u001b[39m\n                  \u001b[33mviewBox\u001b[39m=\u001b[32m\"0 0 24 24\"\u001b[39m\n                  \u001b[33mwidth\u001b[39m=\u001b[32m\"1em\"\u001b[39m\n                  \u001b[33mxmlns\u001b[39m=\u001b[32m\"http://www.w3.org/2000/svg\"\u001b[39m\n                \u001b[36m>\u001b[39m\n                  \u001b[36m<path\u001b[39m\n                    \u001b[33md\u001b[39m=\u001b[32m\"M17 3a2.828 2.828 0 1 1 4 4L7.5 20.5 2 22l1.5-5.5L17 3z\"\u001b[39m\n                  \u001b[36m/>\u001b[39m\n                \u001b[36m</svg>\u001b[39m\n                \u001b[0mEdit\u001b[0m\n              \u001b[36m</button>\u001b[39m\n              \u001b[36m<button\u001b[39m\n                \u001b[33mclass\u001b[39m=\u001b[32m\"px-3 py-2 rounded-md bg-blue-600 text-white flex items-center gap-2 disabled:opacity-50\"\u001b[39m\n                \u001b[33mtype\u001b[39m=\u001b[32m\"button\"\u001b[39m\n              \u001b[36m>\u001b[39m\n                \u001b[36m<svg\u001b[39m\n                  \u001b[33mfill\u001b[39m=\u001b[32m\"currentColor\"\u001b[39m\n                  \u001b[33mheight\u001b[39m=\u001b[32m\"1em\"\u001b[39m\n                  \u001b[33mstroke\u001b[39m=\u001b[32m\"currentColor\"\u001b[39m\n                  \u001b[33mstroke-width\u001b[39m=\u001b[32m\"0\"\u001b[39m\n                  \u001b[33mviewBox\u001b[39m=\u001b[32m\"0 0 512 512\"\u001b[39m\n                  \u001b[33mwidth\u001b[39m=\u001b[32m\"1em\"\u001b[39m\n                  \u001b[33mxmlns\u001b[39m=\u001b[32m\"http://www.w3.org/2000/svg\"\u001b[39m\n                \u001b[36m>\u001b[39m\n                  \u001b[36m<path\u001b[39m\n                    \u001b[33md\u001b[39m=\u001b[32m\"M16 288c-8.8 0-16 7.2-16 16v32c0 8.8 7.2 16 16 16h112v-64zm489-183L407.1 7c-4.5-4.5-10.6-7-17-7H384v128h128v-6.1c0-6.3-2.5-12.4-7-16.9zm-153 31V0H152c-13.3 0-24 10.7-24 24v264h128v-65.2c0-14.3 17.3-21.4 27.4-11.3L379 308c6.6 6.7 6.6 17.4 0 24l-95.7 96.4c-10.1 10.1-27.4 3-27.4-11.3V352H128v136c0 13.3 10.7 24 24 24h336c13.3 0 24-10.7 24-24V160H376c-13.2 0-24-10.8-24-24z\"\u001b[39m\n                  \u001b[36m/>\u001b[39m\n                \u001b[36m</svg>\u001b[39m\n                \u001b[0mImport\u001b[0m\n              \u001b[36m</button>\u001b[39m\n              \u001b[36m<button\u001b[39m\n                \u001b[33mclass\u001b[39m=\u001b[32m\"px-3 py-2 rounded-md bg-neutral-200 text-neutral-800 flex items-center gap-2\"\u001b[39m\n                \u001b[33mtype\u001b[39m=\u001b[32m\"button\"\u001b[39m\n              \u001b[36m>\u001b[39m\n                \u001b[36m<svg\u001b[39m\n                  \u001b[33mfill\u001b[39m=\u001b[32m\"currentColor\"\u001b[39m\n                  \u001b[33mheight\u001b[39m=\u001b[32m\"1em\"\u001b[39m\n                  \u001b[33mstroke\u001b[39m=\u001b[32m\"currentColor\"\u001b[39m\n                  \u001b[33mstroke-width\u001b[39m=\u001b[32m\"0\"\u001b[39m\n                  \u001b[33mviewBox\u001b[39m=\u001b[32m\"0 0 448 512\"\u001b[39m\n                  \u001b[33mwidth\u001b[39m=\u001b[32m\"1em\"\u001b[39m\n                  \u001b[33mxmlns\u001b[39m=\u001b[32m\"http://www.w3.org/2000/svg\"\u001b[39m\n                \u001b[36m>\u001b[39m\n                  \u001b[36m<path\u001b[39m\n                    \u001b[33md\u001b[39m=\u001b[32m\"M176 352h-48V48a16 16 0 0 0-16-16H80a16 16 0 0 0-16 16v304H16c-14.19 0-21.36 17.24-11.29 27.31l80 96a16 16 0 0 0 22.62 0l80-96C197.35 369.26 190.22 352 176 352zm240-64H288a16 16 0 0 0-16 16v32a16 16 0 0 0 16 16h56l-61.26 70.45A32 32 0 0 0 272 446.37V464a16 16 0 0 0 16 16h128a16 16 0 0 0 16-16v-32a16 16 0 0 0-16-16h-56l61.26-70.45A32 32 0 0 0 432 321.63V304a16 16 0 0 0-16-16zm31.06-85.38l-59.27-160A16 16 0 0 0 372.72 32h-41.44a16 16 0 0 0-15.07 10.62l-59.27 160A16 16 0 0 0 272 224h24.83a16 16 0 0 0 15.23-11.08l4.42-12.92h71l4.41 12.92A16 16 0 0 0 407.16 224H432a16 16 0 0 0 15.06-21.38zM335.61 144L352 96l16.39 48z\"\u001b[39m\n                  \u001b[36m/>\u001b[39m\n                \u001b[36m</svg>\u001b[39m\n                \u001b[0mSort A–Z\u001b[0m\n              \u001b[36m</button>\u001b[39m\n            \u001b[36m</div>\u001b[39m\n          \u001b[36m</div>\u001b[39m\n        \u001b[36m</div>\u001b[39m\n      \u001b[36m</div>\u001b[39m\n    \u001b[36m</div>\u001b[39m\n    \u001b[36m<div\u001b[39m\n      \u001b[33mclass\u001b[39m=\u001b[32m\"grid grid-cols-1 sm:grid-cols-3 gap-3 mb-4\"\u001b[39m\n    \u001b[36m>\u001b[39m\n      \u001b[36m<div\u001b[39m\n        \u001b[33mclass\u001b[39m=\u001b[32m\"p-4 rounded-md bg-white border border-neutral-200\"\u001b[39m\n      \u001b[36m>\u001b[39m\n        \u001b[36m<p\u001b[39m\n          \u001b[33mclass\u001b[39m=\u001b[32m\"text-xs font-medium text-neutral-500\"\u001b[39m\n        \u001b[36m>\u001b[39m\n          \u001b[0mPurchase Value\u001b[0m\n        \u001b[36m</p>\u001b[39m\n        \u001b[36m<p\u001b[39m\n          \u001b[33mclass\u001b[39m=\u001b[32m\"text-2xl font-bold tabular-nums text-neutral-900\"\u001b[39m\n        \u001b[36m>\u001b[39m\n          \u001b[0mRs 100.00\u001b[0m\n        \u001b[36m</p>\u001b[39m\n      \u001b[36m</div>\u001b[39m\n      \u001b[36m<div\u001b[39m\n        \u001b[33mclass\u001b[39m=\u001b[32m\"p-4 rounded-md bg-white border border-neutral-200\"\u001b[39m\n      \u001b[36m>\u001b[39m\n        \u001b[36m<p\u001b[39m\n          \u001b[33mclass\u001b[39m=\u001b[32m\"text-xs font-medium text-neutral-500\"\u001b[39m\n        \u001b[36m>\u001b[39m\n          \u001b[0mSale Value\u001b[0m\n        \u001b[36m</p>\u001b[39m\n        \u001b[36m<p\u001b[39m\n          \u001b[33mclass\u001b[39m=\u001b[32m\"text-2xl font-bold tabular-nums text-neutral-900\"\u001b[39m\n        \u001b[36m>\u001b[39m\n          \u001b[0mRs 0.00\u001b[0m\n        \u001b[36m</p>\u001b[39m\n      \u001b[36m</div>\u001b[39m\n      \u001b[36m<div\u001b[39m\n        \u001b[33mclass\u001b[39m=\u001b[32m\"p-4 rounded-md bg-white border border-neutral-200\"\u001b[39m\n      \u001b[36m>\u001b[39m\n        \u001b[36m<p\u001b[39m\n          \u001b[33mclass\u001b[39m=\u001b[32m\"text-xs font-medium text-neutral-500\"\u001b[39m\n        \u001b[36m>\u001b[39m\n          \u001b[0mStock Value\u001b[0m\n        \u001b[36m</p>\u001b[39m\n        \u001b[36m<p\u001b[39m\n          \u001b[33mclass\u001b[39m=\u001b[32m\"text-2xl font-bold tabular-nums text-neutral-900\"\u001b[39m\n        \u001b[36m>\u001b[39m\n          \u001b[0mRs 100.00\u001b[0m\n        \u001b[36m</p>\u001b[39m\n      \u001b[36m</div>\u001b[39m\n    \u001b[36m</div>\u001b[39m\n    \u001b[36m<div\u001b[39m\n      \u001b[33mclass\u001b[39m=\u001b[32m\"flex-1 overflow-auto bg-white border border-neutral-200 rounded-lg\"\u001b[39m\n    \u001b[36m>\u001b[39m\n      \u001b[36m<table\u001b[39m\n        \u001b[33mclass\u001b[39m=\u001b[32m\"w-full border-collapse\"\u001b[39m\n      \u001b[36m>\u001b[39m\n        \u001b[36m<thead\u001b[39m\n          \u001b[33mclass\u001b[39m=\u001b[32m\"sticky top-0 z-10 bg-neutral-50 border-b border-neutral-200\"\u001b[39m\n        \u001b[36m>\u001b[39m\n          \u001b[36m<tr\u001b[39m\n            \u001b[33mclass\u001b[39m=\u001b[32m\"text-xs font-semibold text-neutral-600 uppercase\"\u001b[39m\n          \u001b[36m>\u001b[39m\n            \u001b[36m<th\u001b[39m\n              \u001b[33mclass\u001b[39m=\u001b[32m\"w-16 px-2 py-3 text-center\"\u001b[39m\n            \u001b[36m>\u001b[39m\n              \u001b[0mCode\u001b[0m\n            \u001b[36m</th>\u001b[39m\n            \u001b[36m<th\u001b[39m\n              \u001b[33mclass\u001b[39m=\u001b[32m\"px-2 py-3 text-left\"\u001b[39m\n            \u001b[36m>\u001b[39m\n              \u001b[0mName\u001b[0m\n            \u001b[36m</th>\u001b[39m\n            \u001b[36m<th\u001b[39m\n              \u001b[33mclass\u001b[39m=\u001b[32m\"w-24 px-2 py-3 text-center\"\u001b[39m\n            \u001b[36m>\u001b[39m\n              \u001b[0mPur. Rate\u001b[0m\n            \u001b[36m</th>\u001b[39m\n            \u001b[36m<th\u001b[39m\n              \u001b[33mclass\u001b[39m=\u001b[32m\"w-20 px-2 py-3 text-center\"\u001b[39m\n            \u001b[36m>\u001b[39m\n              \u001b[0mPur. Qty\u001b[0m\n            \u001b[36m</th>\u001b[39m\n            \u001b[36m<th\u001b[39m\n              \u001b[33mclass\u001b[39m=\u001b[32m\"w-28 px-2 py-3 text-center\"\u001b[39m\n            \u001b[36m>\u001b[39m\n              \u001b[0mPur. Total\u001b[0m\n            \u001b[36m</th>\u001b[39m\n            \u001b[36m<th\u001b[39m\n              \u001b[33mclass\u001b[39m=\u001b[32m\"w-24 px-2 py-3 text-center\"\u001b[39m\n            \u001b[36m>\u001b[39m\n              \u001b[0mSale Rate\u001b[0m\n            \u001b[36m</th>\u001b[39m\n            \u001b[36m<th\u001b[39m\n              \u001b[33mclass\u001b[39m=\u001b[32m\"w-20 px-2 py-3 text-center\"\u001b[39m\n            \u001b[36m>\u001b[39m\n              \u001b[0mSale Qty\u001b[0m\n            \u001b[36m</th>\u001b[39m\n            \u001b[36m<th\u001b[39m\n              \u001b[33mclass\u001b[39m=\u001b[32m\"w-28 px-2 py-3 text-center\"\u001b[39m\n            \u001b[36m>\u001b[39m\n              \u001b[0mSale Total\u001b[0m\n            \u001b[36m</th>\u001b[39m\n            \u001b[36m<th\u001b[39m\n              \u001b[33mclass\u001b[39m=\u001b[32m\"w-20 px-2 py-3 text-center\"\u001b[39m\n            \u001b[36m>\u001b[39m\n              \u001b[0mIn Stock\u001b[0m\n            \u001b[36m</th>\u001b[39m\n            \u001b[36m<th\u001b[39m\n              \u001b[33mclass\u001b[39m=\u001b[32m\"w-28 px-2 py-3 text-center\"\u001b[39m\n            \u001b[36m>\u001b[39m\n              \u001b[0mTotal\u001b[0m\n            \u001b[36m</th>\u001b[39m\n          \u001b[36m</tr>\u001b[39m\n        \u001b[36m</thead>\u001b[39m\n        \u001b[36m<tbody>\u001b[39m\n          \u001b[36m<tr\u001b[39m\n            \u001b[33mclass\u001b[39m=\u001b[32m\"text-sm bg-white hover:bg-neutral-100 transition-colors border-b border-neutral-100\"\u001b[39m\n          \u001b[36m>\u001b[39m\n            \u001b[36m<td\u001b[39m\n              \u001b[33mclass\u001b[39m=\u001b[32m\"px-2 py-2\"\u001b[39m\n            \u001b[36m>\u001b[39m\n              \u001b[36m<div\u001b[39m\n                \u001b[33mclass\u001b[39m=\u001b[32m\"text-center font-mono text-neutral-700\"\u001b[39m\n              \u001b[36m>\u001b[39m\n                \u001b[0mA1\u001b[0m\n              \u001b[36m</div>\u001b[39m\n            \u001b[36m</td>\u001b[39m\n            \u001b[36m<td\u001b[39m\n              \u001b[33mclass\u001b[39m=\u001b[32m\"px-2 py-2\"\u001b[39m\n            \u001b[36m>\u001b[39m\n              \u001b[36m<div\u001b[39m\n                \u001b[33mclass\u001b[39m=\u001b[32m\"truncate\"\u001b[39m\n              \u001b[36m>\u001b[39m\n                \u001b[0mItem A\u001b[0m\n              \u001b[36m</div>\u001b[39m\n            \u001b[36m</td>\u001b[39m\n            \u001b[36m<td\u001b[39m\n              \u001b[33mclass\u001b[39m=\u001b[32m\"px-2 py-2\"\u001b[39m\n            \u001b[36m>\u001b[39m\n              \u001b[36m<div\u001b[39m\n                \u001b[33mclass\u001b[39m=\u001b[32m\"text-center tabular-nums\"\u001b[39m\n              \u001b[36m>\u001b[39m\n                \u001b[0m10\u001b[0m\n              \u001b[36m</div>\u001b[39m\n            \u001b[36m</td>\u001b[39m\n            \u001b[36m<td\u001b[39m\n              \u001b[33mclass\u001b[39m=\u001b[32m\"px-2 py-2\"\u001b[39m\n            \u001b[36m>\u001b[39m\n              \u001b[36m<div\u001b[39m\n                \u001b[33mclass\u001b[39m=\u001b[32m\"text-center tabular-nums\"\u001b[39m\n              \u001b[36m>\u001b[39m\n                \u001b[0m10\u001b[0m\n              \u001b[36m</div>\u001b[39m\n            \u001b[36m</td>\u001b[39m\n            \u001b[36m<td\u001b[39m\n              \u001b[33mclass\u001b[39m=\u001b[32m\"px-2 py-2 text-center tabular-nums text-neutral-600\"\u001b[39m\n            \u001b[36m>\u001b[39m\n              \u001b[0m100\u001b[0m\n            \u001b[36m</td>\u001b[39m\n            \u001b[36m<td\u001b[39m\n              \u001b[33mclass\u001b[39m=\u001b[32m\"px-2 py-2\"\u001b[39m\n            \u001b[36m>\u001b[39m\n              \u001b[36m<div\u001b[39m\n                \u001b[33mclass\u001b[39m=\u001b[32m\"text-center tabular-nums\"\u001b[39m\n              \u001b[36m>\u001b[39m\n                \u001b[0m20\u001b[0m\n              \u001b[36m</div>\u001b[39m\n            \u001b[36m</td>\u001b[39m\n            \u001b[36m<td\u001b[39m\n              \u001b[33mclass\u001b[39m=\u001b[32m\"px-2 py-2\"\u001b[39m\n            \u001b[36m>\u001b[39m\n              \u001b[36m<div\u001b[39m\n                \u001b[33mclass\u001b[39m=\u001b[32m\"text-center tabular-nums\"\u001b[39m\n              \u001b[36m>\u001b[39m\n                \u001b[0m0\u001b[0m\n              \u001b[36m</div>\u001b[39m\n            \u001b[36m</td>\u001b[39m\n            \u001b[36m<td\u001b[39m\n              \u001b[33mclass\u001b[39m=\u001b[32m\"px-2 py-2 text-center tabular-nums text-neutral-600\"\u001b[39m\n            \u001b[36m>\u001b[39m\n              \u001b[0m0\u001b[0m\n            \u001b[36m</td>\u001b[39m\n            \u001b[36m<td\u001b[39m\n              \u001b[33mclass\u001b[39m=\u001b[32m\"px-2 py-2 text-center tabular-nums font-medium text-orange-600\"\u001b[39m\n            \u001b[36m>\u001b[39m\n              \u001b[0m10\u001b[0m\n            \u001b[36m</td>\u001b[39m\n            \u001b[36m<td\u001b[39m\n              \u001b[33mclass\u001b[39m=\u001b[32m\"px-2 py-2 text-center tabular-nums font-semibold\"\u001b[39m\n            \u001b[36m>\u001b[39m\n              \u001b[0m100\u001b[0m\n            \u001b[36m</td>\u001b[39m\n          \u001b[36m</tr>\u001b[39m\n        \u001b[36m</tbody>\u001b[39m\n      \u001b[36m</table>\u001b[39m\n    \u001b[36m</div>\u001b[39m\n    \u001b[36m<input\u001b[39m\n      \u001b[33maccept\u001b[39m=\u001b[32m\".csv,.json,application/json,text/csv\"\u001b[39m\n      \u001b[33mclass\u001b[39m=\u001b[32m\"hidden\"\u001b[39m\n      \u001b[33mtype\u001b[39m=\u001b[32m\"file\"\u001b[39m\n    \u001b[36m/>\u001b[39m\n  \u001b[36m</div>\u001b[39m\n\u001b[36m</body>\u001b[39m\n    at Proxy.waitForWrapper (D:\\New - Dev Space\\Electron\\legerly\\node_modules\\@testing-library\\dom\\dist\\wait-for.js:163:27)\n    at D:\\New - Dev Space\\Electron\\legerly\\src\\tests\\Stock.test.tsx:93:11\n    at file:///D:/New%20-%20Dev%20Space/Electron/legerly/node_modules/@vitest/runner/dist/chunk-hooks.js:155:11\n    at file:///D:/New%20-%20Dev%20Space/Electron/legerly/node_modules/@vitest/runner/dist/chunk-hooks.js:752:26\n    at file:///D:/New%20-%20Dev%20Space/Electron/legerly/node_modules/@vitest/runner/dist/chunk-hooks.js:1897:20\n    at new Promise (<anonymous>)\n    at runWithTimeout (file:///D:/New%20-%20Dev%20Space/Electron/legerly/node_modules/@vitest/runner/dist/chunk-hooks.js:1863:10)\n    at runTest (file:///D:/New%20-%20Dev%20Space/Electron/legerly/node_modules/@vitest/runner/dist/chunk-hooks.js:1574:12)\n    at runSuite (file:///D:/New%20-%20Dev%20Space/Electron/legerly/node_modules/@vitest/runner/dist/chunk-hooks.js:1729:8)\n    at runSuite (file:///D:/New%20-%20Dev%20Space/Electron/legerly/node_modules/@vitest/runner/dist/chunk-hooks.js:1729:8)"],"meta":{}}],"startTime":1775684090406,"endTime":1775684092653.6934,"status":"failed","message":"","name":"D:/New - Dev Space/Electron/legerly/src/tests/Stock.test.tsx"}]}